TimeQuest Timing Analyzer report for Multiciclo
Tue Dec 11 17:54:57 2018
Quartus II 64-Bit Version 13.0.0 Build 156 04/24/2013 SJ Web Edition


---------------------
; Table of Contents ;
---------------------
  1. Legal Notice
  2. TimeQuest Timing Analyzer Summary
  3. Parallel Compilation
  4. Clocks
  5. Slow Model Fmax Summary
  6. Slow Model Setup Summary
  7. Slow Model Hold Summary
  8. Slow Model Recovery Summary
  9. Slow Model Removal Summary
 10. Slow Model Minimum Pulse Width Summary
 11. Propagation Delay
 12. Minimum Propagation Delay
 13. Fast Model Setup Summary
 14. Fast Model Hold Summary
 15. Fast Model Recovery Summary
 16. Fast Model Removal Summary
 17. Fast Model Minimum Pulse Width Summary
 18. Propagation Delay
 19. Minimum Propagation Delay
 20. Multicorner Timing Analysis Summary
 21. Progagation Delay
 22. Minimum Progagation Delay
 23. Clock Transfers
 24. Report TCCS
 25. Report RSKM
 26. Unconstrained Paths
 27. TimeQuest Timing Analyzer Messages



----------------
; Legal Notice ;
----------------
Copyright (C) 1991-2013 Altera Corporation
Your use of Altera Corporation's design tools, logic functions 
and other software and tools, and its AMPP partner logic 
functions, and any output files from any of the foregoing 
(including device programming or simulation files), and any 
associated documentation or information are expressly subject 
to the terms and conditions of the Altera Program License 
Subscription Agreement, Altera MegaCore Function License 
Agreement, or other applicable license agreement, including, 
without limitation, that your use is for the sole purpose of 
programming logic devices manufactured by Altera and sold by 
Altera or its authorized distributors.  Please refer to the 
applicable agreement for further details.



+-------------------------------------------------------------------------+
; TimeQuest Timing Analyzer Summary                                       ;
+--------------------+----------------------------------------------------+
; Quartus II Version ; Version 13.0.0 Build 156 04/24/2013 SJ Web Edition ;
; Revision Name      ; Multiciclo                                         ;
; Device Family      ; Cyclone II                                         ;
; Device Name        ; EP2C70F896C6                                       ;
; Timing Models      ; Final                                              ;
; Delay Model        ; Combined                                           ;
; Rise/Fall Delays   ; Unavailable                                        ;
+--------------------+----------------------------------------------------+


Parallel compilation was disabled, but you have multiple processors available. Enable parallel compilation to reduce compilation time.
+-------------------------------------+
; Parallel Compilation                ;
+----------------------------+--------+
; Processors                 ; Number ;
+----------------------------+--------+
; Number detected on machine ; 4      ;
; Maximum allowed            ; 1      ;
+----------------------------+--------+


----------
; Clocks ;
----------
No clocks to report.


---------------------------
; Slow Model Fmax Summary ;
---------------------------
No paths to report.


----------------------------
; Slow Model Setup Summary ;
----------------------------
No paths to report.


---------------------------
; Slow Model Hold Summary ;
---------------------------
No paths to report.


-------------------------------
; Slow Model Recovery Summary ;
-------------------------------
No paths to report.


------------------------------
; Slow Model Removal Summary ;
------------------------------
No paths to report.


------------------------------------------
; Slow Model Minimum Pulse Width Summary ;
------------------------------------------
No paths to report.


+---------------------------------------------------------------+
; Propagation Delay                                             ;
+-------------+-------------+--------+--------+--------+--------+
; Input Port  ; Output Port ; RR     ; RF     ; FR     ; FF     ;
+-------------+-------------+--------+--------+--------+--------+
; data_in[0]  ; data0[0]    ; 10.189 ; 10.189 ; 10.189 ; 10.189 ;
; data_in[0]  ; data0[1]    ; 9.987  ; 9.987  ; 9.987  ; 9.987  ;
; data_in[0]  ; data0[2]    ;        ; 9.949  ; 9.949  ;        ;
; data_in[0]  ; data0[3]    ; 9.759  ; 9.759  ; 9.759  ; 9.759  ;
; data_in[0]  ; data0[4]    ; 9.520  ;        ;        ; 9.520  ;
; data_in[0]  ; data0[5]    ; 9.498  ;        ;        ; 9.498  ;
; data_in[0]  ; data0[6]    ; 9.956  ; 9.956  ; 9.956  ; 9.956  ;
; data_in[1]  ; data0[0]    ; 10.114 ; 10.114 ; 10.114 ; 10.114 ;
; data_in[1]  ; data0[1]    ; 9.913  ; 9.913  ; 9.913  ; 9.913  ;
; data_in[1]  ; data0[2]    ; 9.899  ;        ;        ; 9.899  ;
; data_in[1]  ; data0[3]    ; 9.681  ; 9.681  ; 9.681  ; 9.681  ;
; data_in[1]  ; data0[4]    ;        ; 9.446  ; 9.446  ;        ;
; data_in[1]  ; data0[5]    ; 9.429  ; 9.429  ; 9.429  ; 9.429  ;
; data_in[1]  ; data0[6]    ; 9.885  ; 9.885  ; 9.885  ; 9.885  ;
; data_in[2]  ; data0[0]    ; 9.868  ; 9.868  ; 9.868  ; 9.868  ;
; data_in[2]  ; data0[1]    ; 9.680  ;        ;        ; 9.680  ;
; data_in[2]  ; data0[2]    ; 9.656  ; 9.656  ; 9.656  ; 9.656  ;
; data_in[2]  ; data0[3]    ; 9.454  ; 9.454  ; 9.454  ; 9.454  ;
; data_in[2]  ; data0[4]    ; 9.214  ; 9.214  ; 9.214  ; 9.214  ;
; data_in[2]  ; data0[5]    ; 9.197  ; 9.197  ; 9.197  ; 9.197  ;
; data_in[2]  ; data0[6]    ; 9.653  ; 9.653  ; 9.653  ; 9.653  ;
; data_in[3]  ; data0[0]    ; 9.947  ; 9.947  ; 9.947  ; 9.947  ;
; data_in[3]  ; data0[1]    ; 9.750  ; 9.750  ; 9.750  ; 9.750  ;
; data_in[3]  ; data0[2]    ; 9.736  ; 9.736  ; 9.736  ; 9.736  ;
; data_in[3]  ; data0[3]    ; 9.524  ; 9.524  ; 9.524  ; 9.524  ;
; data_in[3]  ; data0[4]    ;        ; 9.283  ; 9.283  ;        ;
; data_in[3]  ; data0[5]    ; 9.265  ; 9.265  ; 9.265  ; 9.265  ;
; data_in[3]  ; data0[6]    ; 9.722  ; 9.722  ; 9.722  ; 9.722  ;
; data_in[4]  ; data1[0]    ; 10.538 ; 10.538 ; 10.538 ; 10.538 ;
; data_in[4]  ; data1[1]    ; 9.750  ; 9.750  ; 9.750  ; 9.750  ;
; data_in[4]  ; data1[2]    ;        ; 9.471  ; 9.471  ;        ;
; data_in[4]  ; data1[3]    ; 9.751  ; 9.751  ; 9.751  ; 9.751  ;
; data_in[4]  ; data1[4]    ; 9.484  ;        ;        ; 9.484  ;
; data_in[4]  ; data1[5]    ; 9.956  ;        ;        ; 9.956  ;
; data_in[4]  ; data1[6]    ; 9.705  ; 9.705  ; 9.705  ; 9.705  ;
; data_in[5]  ; data1[0]    ; 10.236 ; 10.236 ; 10.236 ; 10.236 ;
; data_in[5]  ; data1[1]    ; 9.447  ; 9.447  ; 9.447  ; 9.447  ;
; data_in[5]  ; data1[2]    ; 9.197  ;        ;        ; 9.197  ;
; data_in[5]  ; data1[3]    ; 9.449  ; 9.449  ; 9.449  ; 9.449  ;
; data_in[5]  ; data1[4]    ;        ; 9.182  ; 9.182  ;        ;
; data_in[5]  ; data1[5]    ; 9.654  ; 9.654  ; 9.654  ; 9.654  ;
; data_in[5]  ; data1[6]    ; 9.403  ; 9.403  ; 9.403  ; 9.403  ;
; data_in[6]  ; data1[0]    ; 10.374 ; 10.374 ; 10.374 ; 10.374 ;
; data_in[6]  ; data1[1]    ; 9.586  ;        ;        ; 9.586  ;
; data_in[6]  ; data1[2]    ; 9.335  ; 9.335  ; 9.335  ; 9.335  ;
; data_in[6]  ; data1[3]    ; 9.588  ; 9.588  ; 9.588  ; 9.588  ;
; data_in[6]  ; data1[4]    ; 9.320  ; 9.320  ; 9.320  ; 9.320  ;
; data_in[6]  ; data1[5]    ; 9.796  ; 9.796  ; 9.796  ; 9.796  ;
; data_in[6]  ; data1[6]    ; 9.541  ; 9.541  ; 9.541  ; 9.541  ;
; data_in[7]  ; data1[0]    ; 10.497 ; 10.497 ; 10.497 ; 10.497 ;
; data_in[7]  ; data1[1]    ; 9.696  ; 9.696  ; 9.696  ; 9.696  ;
; data_in[7]  ; data1[2]    ; 9.451  ; 9.451  ; 9.451  ; 9.451  ;
; data_in[7]  ; data1[3]    ; 9.676  ; 9.676  ; 9.676  ; 9.676  ;
; data_in[7]  ; data1[4]    ;        ; 9.436  ; 9.436  ;        ;
; data_in[7]  ; data1[5]    ; 9.920  ; 9.920  ; 9.920  ; 9.920  ;
; data_in[7]  ; data1[6]    ; 9.657  ; 9.657  ; 9.657  ; 9.657  ;
; data_in[8]  ; data2[0]    ; 9.717  ; 9.717  ; 9.717  ; 9.717  ;
; data_in[8]  ; data2[1]    ; 9.504  ; 9.504  ; 9.504  ; 9.504  ;
; data_in[8]  ; data2[2]    ;        ; 9.489  ; 9.489  ;        ;
; data_in[8]  ; data2[3]    ; 9.744  ; 9.744  ; 9.744  ; 9.744  ;
; data_in[8]  ; data2[4]    ; 11.596 ;        ;        ; 11.596 ;
; data_in[8]  ; data2[5]    ; 13.457 ;        ;        ; 13.457 ;
; data_in[8]  ; data2[6]    ; 13.875 ; 13.875 ; 13.875 ; 13.875 ;
; data_in[9]  ; data2[0]    ; 9.770  ; 9.770  ; 9.770  ; 9.770  ;
; data_in[9]  ; data2[1]    ; 9.602  ; 9.602  ; 9.602  ; 9.602  ;
; data_in[9]  ; data2[2]    ; 9.616  ;        ;        ; 9.616  ;
; data_in[9]  ; data2[3]    ; 9.848  ; 9.848  ; 9.848  ; 9.848  ;
; data_in[9]  ; data2[4]    ;        ; 11.685 ; 11.685 ;        ;
; data_in[9]  ; data2[5]    ; 13.542 ; 13.542 ; 13.542 ; 13.542 ;
; data_in[9]  ; data2[6]    ; 13.978 ; 13.978 ; 13.978 ; 13.978 ;
; data_in[10] ; data2[0]    ; 9.569  ; 9.569  ; 9.569  ; 9.569  ;
; data_in[10] ; data2[1]    ; 9.357  ;        ;        ; 9.357  ;
; data_in[10] ; data2[2]    ; 9.371  ; 9.371  ; 9.371  ; 9.371  ;
; data_in[10] ; data2[3]    ; 9.604  ; 9.604  ; 9.604  ; 9.604  ;
; data_in[10] ; data2[4]    ; 11.445 ; 11.445 ; 11.445 ; 11.445 ;
; data_in[10] ; data2[5]    ; 13.305 ; 13.305 ; 13.305 ; 13.305 ;
; data_in[10] ; data2[6]    ; 13.733 ; 13.733 ; 13.733 ; 13.733 ;
; data_in[11] ; data2[0]    ; 9.446  ; 9.446  ; 9.446  ; 9.446  ;
; data_in[11] ; data2[1]    ; 9.235  ; 9.235  ; 9.235  ; 9.235  ;
; data_in[11] ; data2[2]    ; 9.241  ; 9.241  ; 9.241  ; 9.241  ;
; data_in[11] ; data2[3]    ; 9.469  ; 9.469  ; 9.469  ; 9.469  ;
; data_in[11] ; data2[4]    ;        ; 11.321 ; 11.321 ;        ;
; data_in[11] ; data2[5]    ; 13.182 ; 13.182 ; 13.182 ; 13.182 ;
; data_in[11] ; data2[6]    ; 13.597 ; 13.597 ; 13.597 ; 13.597 ;
; data_in[12] ; data3[0]    ; 9.784  ; 9.784  ; 9.784  ; 9.784  ;
; data_in[12] ; data3[1]    ; 9.810  ; 9.810  ; 9.810  ; 9.810  ;
; data_in[12] ; data3[2]    ;        ; 9.151  ; 9.151  ;        ;
; data_in[12] ; data3[3]    ; 9.474  ; 9.474  ; 9.474  ; 9.474  ;
; data_in[12] ; data3[4]    ; 9.490  ;        ;        ; 9.490  ;
; data_in[12] ; data3[5]    ; 9.167  ;        ;        ; 9.167  ;
; data_in[12] ; data3[6]    ; 9.159  ; 9.159  ; 9.159  ; 9.159  ;
; data_in[13] ; data3[0]    ; 9.543  ; 9.543  ; 9.543  ; 9.543  ;
; data_in[13] ; data3[1]    ; 9.569  ; 9.569  ; 9.569  ; 9.569  ;
; data_in[13] ; data3[2]    ; 8.937  ;        ;        ; 8.937  ;
; data_in[13] ; data3[3]    ; 9.232  ; 9.232  ; 9.232  ; 9.232  ;
; data_in[13] ; data3[4]    ;        ; 9.248  ; 9.248  ;        ;
; data_in[13] ; data3[5]    ; 8.924  ; 8.924  ; 8.924  ; 8.924  ;
; data_in[13] ; data3[6]    ; 8.917  ; 8.917  ; 8.917  ; 8.917  ;
; data_in[14] ; data3[0]    ; 9.547  ; 9.547  ; 9.547  ; 9.547  ;
; data_in[14] ; data3[1]    ; 9.569  ;        ;        ; 9.569  ;
; data_in[14] ; data3[2]    ; 8.942  ; 8.942  ; 8.942  ; 8.942  ;
; data_in[14] ; data3[3]    ; 9.235  ; 9.235  ; 9.235  ; 9.235  ;
; data_in[14] ; data3[4]    ; 9.253  ; 9.253  ; 9.253  ; 9.253  ;
; data_in[14] ; data3[5]    ; 8.930  ; 8.930  ; 8.930  ; 8.930  ;
; data_in[14] ; data3[6]    ; 8.919  ; 8.919  ; 8.919  ; 8.919  ;
; data_in[15] ; data3[0]    ; 9.465  ; 9.465  ; 9.465  ; 9.465  ;
; data_in[15] ; data3[1]    ; 9.496  ; 9.496  ; 9.496  ; 9.496  ;
; data_in[15] ; data3[2]    ; 8.863  ; 8.863  ; 8.863  ; 8.863  ;
; data_in[15] ; data3[3]    ; 9.137  ; 9.137  ; 9.137  ; 9.137  ;
; data_in[15] ; data3[4]    ;        ; 9.170  ; 9.170  ;        ;
; data_in[15] ; data3[5]    ; 8.845  ; 8.845  ; 8.845  ; 8.845  ;
; data_in[15] ; data3[6]    ; 8.850  ; 8.850  ; 8.850  ; 8.850  ;
; data_in[16] ; data4[0]    ; 9.156  ; 9.156  ; 9.156  ; 9.156  ;
; data_in[16] ; data4[1]    ; 9.155  ; 9.155  ; 9.155  ; 9.155  ;
; data_in[16] ; data4[2]    ;        ; 9.131  ; 9.131  ;        ;
; data_in[16] ; data4[3]    ; 8.866  ; 8.866  ; 8.866  ; 8.866  ;
; data_in[16] ; data4[4]    ; 8.861  ;        ;        ; 8.861  ;
; data_in[16] ; data4[5]    ; 9.163  ;        ;        ; 9.163  ;
; data_in[16] ; data4[6]    ; 9.154  ; 9.154  ; 9.154  ; 9.154  ;
; data_in[17] ; data4[0]    ; 9.172  ; 9.172  ; 9.172  ; 9.172  ;
; data_in[17] ; data4[1]    ; 9.199  ; 9.199  ; 9.199  ; 9.199  ;
; data_in[17] ; data4[2]    ; 9.176  ;        ;        ; 9.176  ;
; data_in[17] ; data4[3]    ; 8.905  ; 8.905  ; 8.905  ; 8.905  ;
; data_in[17] ; data4[4]    ;        ; 8.866  ; 8.866  ;        ;
; data_in[17] ; data4[5]    ; 9.198  ; 9.198  ; 9.198  ; 9.198  ;
; data_in[17] ; data4[6]    ; 9.193  ; 9.193  ; 9.193  ; 9.193  ;
; data_in[18] ; data4[0]    ; 9.696  ; 9.696  ; 9.696  ; 9.696  ;
; data_in[18] ; data4[1]    ; 9.694  ;        ;        ; 9.694  ;
; data_in[18] ; data4[2]    ; 9.670  ; 9.670  ; 9.670  ; 9.670  ;
; data_in[18] ; data4[3]    ; 9.406  ; 9.406  ; 9.406  ; 9.406  ;
; data_in[18] ; data4[4]    ; 9.402  ; 9.402  ; 9.402  ; 9.402  ;
; data_in[18] ; data4[5]    ; 9.677  ; 9.677  ; 9.677  ; 9.677  ;
; data_in[18] ; data4[6]    ; 9.699  ; 9.699  ; 9.699  ; 9.699  ;
; data_in[19] ; data4[0]    ; 9.314  ; 9.314  ; 9.314  ; 9.314  ;
; data_in[19] ; data4[1]    ; 9.315  ; 9.315  ; 9.315  ; 9.315  ;
; data_in[19] ; data4[2]    ; 9.291  ; 9.291  ; 9.291  ; 9.291  ;
; data_in[19] ; data4[3]    ; 9.024  ; 9.024  ; 9.024  ; 9.024  ;
; data_in[19] ; data4[4]    ;        ; 9.020  ; 9.020  ;        ;
; data_in[19] ; data4[5]    ; 9.321  ; 9.321  ; 9.321  ; 9.321  ;
; data_in[19] ; data4[6]    ; 9.309  ; 9.309  ; 9.309  ; 9.309  ;
; data_in[20] ; data5[0]    ; 9.044  ; 9.044  ; 9.044  ; 9.044  ;
; data_in[20] ; data5[1]    ; 8.889  ; 8.889  ; 8.889  ; 8.889  ;
; data_in[20] ; data5[2]    ;        ; 8.850  ; 8.850  ;        ;
; data_in[20] ; data5[3]    ; 9.166  ; 9.166  ; 9.166  ; 9.166  ;
; data_in[20] ; data5[4]    ; 9.058  ;        ;        ; 9.058  ;
; data_in[20] ; data5[5]    ; 9.179  ;        ;        ; 9.179  ;
; data_in[20] ; data5[6]    ; 9.487  ; 9.487  ; 9.487  ; 9.487  ;
; data_in[21] ; data5[0]    ; 8.918  ; 8.918  ; 8.918  ; 8.918  ;
; data_in[21] ; data5[1]    ; 8.764  ; 8.764  ; 8.764  ; 8.764  ;
; data_in[21] ; data5[2]    ; 8.751  ;        ;        ; 8.751  ;
; data_in[21] ; data5[3]    ; 9.048  ; 9.048  ; 9.048  ; 9.048  ;
; data_in[21] ; data5[4]    ;        ; 8.937  ; 8.937  ;        ;
; data_in[21] ; data5[5]    ; 9.061  ; 9.061  ; 9.061  ; 9.061  ;
; data_in[21] ; data5[6]    ; 9.365  ; 9.365  ; 9.365  ; 9.365  ;
; data_in[22] ; data5[0]    ; 9.046  ; 9.046  ; 9.046  ; 9.046  ;
; data_in[22] ; data5[1]    ; 8.892  ;        ;        ; 8.892  ;
; data_in[22] ; data5[2]    ; 8.878  ; 8.878  ; 8.878  ; 8.878  ;
; data_in[22] ; data5[3]    ; 9.172  ; 9.172  ; 9.172  ; 9.172  ;
; data_in[22] ; data5[4]    ; 9.061  ; 9.061  ; 9.061  ; 9.061  ;
; data_in[22] ; data5[5]    ; 9.184  ; 9.184  ; 9.184  ; 9.184  ;
; data_in[22] ; data5[6]    ; 9.489  ; 9.489  ; 9.489  ; 9.489  ;
; data_in[23] ; data5[0]    ; 9.374  ; 9.374  ; 9.374  ; 9.374  ;
; data_in[23] ; data5[1]    ; 9.220  ; 9.220  ; 9.220  ; 9.220  ;
; data_in[23] ; data5[2]    ; 9.183  ; 9.183  ; 9.183  ; 9.183  ;
; data_in[23] ; data5[3]    ; 9.497  ; 9.497  ; 9.497  ; 9.497  ;
; data_in[23] ; data5[4]    ;        ; 9.383  ; 9.383  ;        ;
; data_in[23] ; data5[5]    ; 9.478  ; 9.478  ; 9.478  ; 9.478  ;
; data_in[23] ; data5[6]    ; 9.814  ; 9.814  ; 9.814  ; 9.814  ;
; data_in[24] ; data6[0]    ; 9.154  ; 9.154  ; 9.154  ; 9.154  ;
; data_in[24] ; data6[1]    ; 9.303  ; 9.303  ; 9.303  ; 9.303  ;
; data_in[24] ; data6[2]    ;        ; 9.230  ; 9.230  ;        ;
; data_in[24] ; data6[3]    ; 9.233  ; 9.233  ; 9.233  ; 9.233  ;
; data_in[24] ; data6[4]    ; 9.303  ;        ;        ; 9.303  ;
; data_in[24] ; data6[5]    ; 9.010  ;        ;        ; 9.010  ;
; data_in[24] ; data6[6]    ; 9.312  ; 9.312  ; 9.312  ; 9.312  ;
; data_in[25] ; data6[0]    ; 8.785  ; 8.785  ; 8.785  ; 8.785  ;
; data_in[25] ; data6[1]    ; 8.928  ; 8.928  ; 8.928  ; 8.928  ;
; data_in[25] ; data6[2]    ; 8.856  ;        ;        ; 8.856  ;
; data_in[25] ; data6[3]    ; 8.860  ; 8.860  ; 8.860  ; 8.860  ;
; data_in[25] ; data6[4]    ;        ; 8.930  ; 8.930  ;        ;
; data_in[25] ; data6[5]    ; 8.637  ; 8.637  ; 8.637  ; 8.637  ;
; data_in[25] ; data6[6]    ; 8.936  ; 8.936  ; 8.936  ; 8.936  ;
; data_in[26] ; data6[0]    ; 9.047  ; 9.047  ; 9.047  ; 9.047  ;
; data_in[26] ; data6[1]    ; 9.190  ;        ;        ; 9.190  ;
; data_in[26] ; data6[2]    ; 9.105  ; 9.105  ; 9.105  ; 9.105  ;
; data_in[26] ; data6[3]    ; 9.106  ; 9.106  ; 9.106  ; 9.106  ;
; data_in[26] ; data6[4]    ; 9.178  ; 9.178  ; 9.178  ; 9.178  ;
; data_in[26] ; data6[5]    ; 8.885  ; 8.885  ; 8.885  ; 8.885  ;
; data_in[26] ; data6[6]    ; 9.197  ; 9.197  ; 9.197  ; 9.197  ;
; data_in[27] ; data6[0]    ; 9.093  ; 9.093  ; 9.093  ; 9.093  ;
; data_in[27] ; data6[1]    ; 9.235  ; 9.235  ; 9.235  ; 9.235  ;
; data_in[27] ; data6[2]    ; 9.151  ; 9.151  ; 9.151  ; 9.151  ;
; data_in[27] ; data6[3]    ; 9.129  ; 9.129  ; 9.129  ; 9.129  ;
; data_in[27] ; data6[4]    ;        ; 9.227  ; 9.227  ;        ;
; data_in[27] ; data6[5]    ; 8.933  ; 8.933  ; 8.933  ; 8.933  ;
; data_in[27] ; data6[6]    ; 9.245  ; 9.245  ; 9.245  ; 9.245  ;
; data_in[28] ; data7[0]    ; 9.221  ; 9.221  ; 9.221  ; 9.221  ;
; data_in[28] ; data7[1]    ; 9.270  ; 9.270  ; 9.270  ; 9.270  ;
; data_in[28] ; data7[2]    ;        ; 9.270  ; 9.270  ;        ;
; data_in[28] ; data7[3]    ; 8.964  ; 8.964  ; 8.964  ; 8.964  ;
; data_in[28] ; data7[4]    ; 9.242  ;        ;        ; 9.242  ;
; data_in[28] ; data7[5]    ; 9.552  ;        ;        ; 9.552  ;
; data_in[28] ; data7[6]    ; 8.967  ; 8.967  ; 8.967  ; 8.967  ;
; data_in[29] ; data7[0]    ; 9.349  ; 9.349  ; 9.349  ; 9.349  ;
; data_in[29] ; data7[1]    ; 9.395  ; 9.395  ; 9.395  ; 9.395  ;
; data_in[29] ; data7[2]    ; 9.398  ;        ;        ; 9.398  ;
; data_in[29] ; data7[3]    ; 9.089  ; 9.089  ; 9.089  ; 9.089  ;
; data_in[29] ; data7[4]    ;        ; 9.366  ; 9.366  ;        ;
; data_in[29] ; data7[5]    ; 9.680  ; 9.680  ; 9.680  ; 9.680  ;
; data_in[29] ; data7[6]    ; 9.090  ; 9.090  ; 9.090  ; 9.090  ;
; data_in[30] ; data7[0]    ; 9.232  ; 9.232  ; 9.232  ; 9.232  ;
; data_in[30] ; data7[1]    ; 9.287  ;        ;        ; 9.287  ;
; data_in[30] ; data7[2]    ; 9.283  ; 9.283  ; 9.283  ; 9.283  ;
; data_in[30] ; data7[3]    ; 8.973  ; 8.973  ; 8.973  ; 8.973  ;
; data_in[30] ; data7[4]    ; 9.260  ; 9.260  ; 9.260  ; 9.260  ;
; data_in[30] ; data7[5]    ; 9.538  ; 9.538  ; 9.538  ; 9.538  ;
; data_in[30] ; data7[6]    ; 8.985  ; 8.985  ; 8.985  ; 8.985  ;
; data_in[31] ; data7[0]    ; 9.169  ; 9.169  ; 9.169  ; 9.169  ;
; data_in[31] ; data7[1]    ; 9.245  ; 9.245  ; 9.245  ; 9.245  ;
; data_in[31] ; data7[2]    ; 9.248  ; 9.248  ; 9.248  ; 9.248  ;
; data_in[31] ; data7[3]    ; 8.935  ; 8.935  ; 8.935  ; 8.935  ;
; data_in[31] ; data7[4]    ;        ; 9.180  ; 9.180  ;        ;
; data_in[31] ; data7[5]    ; 9.499  ; 9.499  ; 9.499  ; 9.499  ;
; data_in[31] ; data7[6]    ; 8.939  ; 8.939  ; 8.939  ; 8.939  ;
+-------------+-------------+--------+--------+--------+--------+


+---------------------------------------------------------------+
; Minimum Propagation Delay                                     ;
+-------------+-------------+--------+--------+--------+--------+
; Input Port  ; Output Port ; RR     ; RF     ; FR     ; FF     ;
+-------------+-------------+--------+--------+--------+--------+
; data_in[0]  ; data0[0]    ; 10.189 ; 10.189 ; 10.189 ; 10.189 ;
; data_in[0]  ; data0[1]    ; 9.987  ; 9.987  ; 9.987  ; 9.987  ;
; data_in[0]  ; data0[2]    ;        ; 9.949  ; 9.949  ;        ;
; data_in[0]  ; data0[3]    ; 9.759  ; 9.759  ; 9.759  ; 9.759  ;
; data_in[0]  ; data0[4]    ; 9.520  ;        ;        ; 9.520  ;
; data_in[0]  ; data0[5]    ; 9.498  ;        ;        ; 9.498  ;
; data_in[0]  ; data0[6]    ; 9.956  ; 9.956  ; 9.956  ; 9.956  ;
; data_in[1]  ; data0[0]    ; 10.114 ; 10.114 ; 10.114 ; 10.114 ;
; data_in[1]  ; data0[1]    ; 9.913  ; 9.913  ; 9.913  ; 9.913  ;
; data_in[1]  ; data0[2]    ; 9.899  ;        ;        ; 9.899  ;
; data_in[1]  ; data0[3]    ; 9.681  ; 9.681  ; 9.681  ; 9.681  ;
; data_in[1]  ; data0[4]    ;        ; 9.446  ; 9.446  ;        ;
; data_in[1]  ; data0[5]    ; 9.429  ; 9.429  ; 9.429  ; 9.429  ;
; data_in[1]  ; data0[6]    ; 9.885  ; 9.885  ; 9.885  ; 9.885  ;
; data_in[2]  ; data0[0]    ; 9.868  ; 9.868  ; 9.868  ; 9.868  ;
; data_in[2]  ; data0[1]    ; 9.680  ;        ;        ; 9.680  ;
; data_in[2]  ; data0[2]    ; 9.656  ; 9.656  ; 9.656  ; 9.656  ;
; data_in[2]  ; data0[3]    ; 9.454  ; 9.454  ; 9.454  ; 9.454  ;
; data_in[2]  ; data0[4]    ; 9.214  ; 9.214  ; 9.214  ; 9.214  ;
; data_in[2]  ; data0[5]    ; 9.197  ; 9.197  ; 9.197  ; 9.197  ;
; data_in[2]  ; data0[6]    ; 9.653  ; 9.653  ; 9.653  ; 9.653  ;
; data_in[3]  ; data0[0]    ; 9.947  ; 9.947  ; 9.947  ; 9.947  ;
; data_in[3]  ; data0[1]    ; 9.750  ; 9.750  ; 9.750  ; 9.750  ;
; data_in[3]  ; data0[2]    ; 9.736  ; 9.736  ; 9.736  ; 9.736  ;
; data_in[3]  ; data0[3]    ; 9.524  ; 9.524  ; 9.524  ; 9.524  ;
; data_in[3]  ; data0[4]    ;        ; 9.283  ; 9.283  ;        ;
; data_in[3]  ; data0[5]    ; 9.265  ; 9.265  ; 9.265  ; 9.265  ;
; data_in[3]  ; data0[6]    ; 9.722  ; 9.722  ; 9.722  ; 9.722  ;
; data_in[4]  ; data1[0]    ; 10.538 ; 10.538 ; 10.538 ; 10.538 ;
; data_in[4]  ; data1[1]    ; 9.750  ; 9.750  ; 9.750  ; 9.750  ;
; data_in[4]  ; data1[2]    ;        ; 9.471  ; 9.471  ;        ;
; data_in[4]  ; data1[3]    ; 9.751  ; 9.751  ; 9.751  ; 9.751  ;
; data_in[4]  ; data1[4]    ; 9.484  ;        ;        ; 9.484  ;
; data_in[4]  ; data1[5]    ; 9.956  ;        ;        ; 9.956  ;
; data_in[4]  ; data1[6]    ; 9.705  ; 9.705  ; 9.705  ; 9.705  ;
; data_in[5]  ; data1[0]    ; 10.236 ; 10.236 ; 10.236 ; 10.236 ;
; data_in[5]  ; data1[1]    ; 9.447  ; 9.447  ; 9.447  ; 9.447  ;
; data_in[5]  ; data1[2]    ; 9.197  ;        ;        ; 9.197  ;
; data_in[5]  ; data1[3]    ; 9.449  ; 9.449  ; 9.449  ; 9.449  ;
; data_in[5]  ; data1[4]    ;        ; 9.182  ; 9.182  ;        ;
; data_in[5]  ; data1[5]    ; 9.654  ; 9.654  ; 9.654  ; 9.654  ;
; data_in[5]  ; data1[6]    ; 9.403  ; 9.403  ; 9.403  ; 9.403  ;
; data_in[6]  ; data1[0]    ; 10.374 ; 10.374 ; 10.374 ; 10.374 ;
; data_in[6]  ; data1[1]    ; 9.586  ;        ;        ; 9.586  ;
; data_in[6]  ; data1[2]    ; 9.335  ; 9.335  ; 9.335  ; 9.335  ;
; data_in[6]  ; data1[3]    ; 9.588  ; 9.588  ; 9.588  ; 9.588  ;
; data_in[6]  ; data1[4]    ; 9.320  ; 9.320  ; 9.320  ; 9.320  ;
; data_in[6]  ; data1[5]    ; 9.796  ; 9.796  ; 9.796  ; 9.796  ;
; data_in[6]  ; data1[6]    ; 9.541  ; 9.541  ; 9.541  ; 9.541  ;
; data_in[7]  ; data1[0]    ; 10.497 ; 10.497 ; 10.497 ; 10.497 ;
; data_in[7]  ; data1[1]    ; 9.696  ; 9.696  ; 9.696  ; 9.696  ;
; data_in[7]  ; data1[2]    ; 9.451  ; 9.451  ; 9.451  ; 9.451  ;
; data_in[7]  ; data1[3]    ; 9.676  ; 9.676  ; 9.676  ; 9.676  ;
; data_in[7]  ; data1[4]    ;        ; 9.436  ; 9.436  ;        ;
; data_in[7]  ; data1[5]    ; 9.920  ; 9.920  ; 9.920  ; 9.920  ;
; data_in[7]  ; data1[6]    ; 9.657  ; 9.657  ; 9.657  ; 9.657  ;
; data_in[8]  ; data2[0]    ; 9.717  ; 9.717  ; 9.717  ; 9.717  ;
; data_in[8]  ; data2[1]    ; 9.504  ; 9.504  ; 9.504  ; 9.504  ;
; data_in[8]  ; data2[2]    ;        ; 9.489  ; 9.489  ;        ;
; data_in[8]  ; data2[3]    ; 9.744  ; 9.744  ; 9.744  ; 9.744  ;
; data_in[8]  ; data2[4]    ; 11.596 ;        ;        ; 11.596 ;
; data_in[8]  ; data2[5]    ; 13.457 ;        ;        ; 13.457 ;
; data_in[8]  ; data2[6]    ; 13.875 ; 13.875 ; 13.875 ; 13.875 ;
; data_in[9]  ; data2[0]    ; 9.770  ; 9.770  ; 9.770  ; 9.770  ;
; data_in[9]  ; data2[1]    ; 9.602  ; 9.602  ; 9.602  ; 9.602  ;
; data_in[9]  ; data2[2]    ; 9.616  ;        ;        ; 9.616  ;
; data_in[9]  ; data2[3]    ; 9.848  ; 9.848  ; 9.848  ; 9.848  ;
; data_in[9]  ; data2[4]    ;        ; 11.685 ; 11.685 ;        ;
; data_in[9]  ; data2[5]    ; 13.542 ; 13.542 ; 13.542 ; 13.542 ;
; data_in[9]  ; data2[6]    ; 13.978 ; 13.978 ; 13.978 ; 13.978 ;
; data_in[10] ; data2[0]    ; 9.569  ; 9.569  ; 9.569  ; 9.569  ;
; data_in[10] ; data2[1]    ; 9.357  ;        ;        ; 9.357  ;
; data_in[10] ; data2[2]    ; 9.371  ; 9.371  ; 9.371  ; 9.371  ;
; data_in[10] ; data2[3]    ; 9.604  ; 9.604  ; 9.604  ; 9.604  ;
; data_in[10] ; data2[4]    ; 11.445 ; 11.445 ; 11.445 ; 11.445 ;
; data_in[10] ; data2[5]    ; 13.305 ; 13.305 ; 13.305 ; 13.305 ;
; data_in[10] ; data2[6]    ; 13.733 ; 13.733 ; 13.733 ; 13.733 ;
; data_in[11] ; data2[0]    ; 9.446  ; 9.446  ; 9.446  ; 9.446  ;
; data_in[11] ; data2[1]    ; 9.235  ; 9.235  ; 9.235  ; 9.235  ;
; data_in[11] ; data2[2]    ; 9.241  ; 9.241  ; 9.241  ; 9.241  ;
; data_in[11] ; data2[3]    ; 9.469  ; 9.469  ; 9.469  ; 9.469  ;
; data_in[11] ; data2[4]    ;        ; 11.321 ; 11.321 ;        ;
; data_in[11] ; data2[5]    ; 13.182 ; 13.182 ; 13.182 ; 13.182 ;
; data_in[11] ; data2[6]    ; 13.597 ; 13.597 ; 13.597 ; 13.597 ;
; data_in[12] ; data3[0]    ; 9.784  ; 9.784  ; 9.784  ; 9.784  ;
; data_in[12] ; data3[1]    ; 9.810  ; 9.810  ; 9.810  ; 9.810  ;
; data_in[12] ; data3[2]    ;        ; 9.151  ; 9.151  ;        ;
; data_in[12] ; data3[3]    ; 9.474  ; 9.474  ; 9.474  ; 9.474  ;
; data_in[12] ; data3[4]    ; 9.490  ;        ;        ; 9.490  ;
; data_in[12] ; data3[5]    ; 9.167  ;        ;        ; 9.167  ;
; data_in[12] ; data3[6]    ; 9.159  ; 9.159  ; 9.159  ; 9.159  ;
; data_in[13] ; data3[0]    ; 9.543  ; 9.543  ; 9.543  ; 9.543  ;
; data_in[13] ; data3[1]    ; 9.569  ; 9.569  ; 9.569  ; 9.569  ;
; data_in[13] ; data3[2]    ; 8.937  ;        ;        ; 8.937  ;
; data_in[13] ; data3[3]    ; 9.232  ; 9.232  ; 9.232  ; 9.232  ;
; data_in[13] ; data3[4]    ;        ; 9.248  ; 9.248  ;        ;
; data_in[13] ; data3[5]    ; 8.924  ; 8.924  ; 8.924  ; 8.924  ;
; data_in[13] ; data3[6]    ; 8.917  ; 8.917  ; 8.917  ; 8.917  ;
; data_in[14] ; data3[0]    ; 9.547  ; 9.547  ; 9.547  ; 9.547  ;
; data_in[14] ; data3[1]    ; 9.569  ;        ;        ; 9.569  ;
; data_in[14] ; data3[2]    ; 8.942  ; 8.942  ; 8.942  ; 8.942  ;
; data_in[14] ; data3[3]    ; 9.235  ; 9.235  ; 9.235  ; 9.235  ;
; data_in[14] ; data3[4]    ; 9.253  ; 9.253  ; 9.253  ; 9.253  ;
; data_in[14] ; data3[5]    ; 8.930  ; 8.930  ; 8.930  ; 8.930  ;
; data_in[14] ; data3[6]    ; 8.919  ; 8.919  ; 8.919  ; 8.919  ;
; data_in[15] ; data3[0]    ; 9.465  ; 9.465  ; 9.465  ; 9.465  ;
; data_in[15] ; data3[1]    ; 9.496  ; 9.496  ; 9.496  ; 9.496  ;
; data_in[15] ; data3[2]    ; 8.863  ; 8.863  ; 8.863  ; 8.863  ;
; data_in[15] ; data3[3]    ; 9.137  ; 9.137  ; 9.137  ; 9.137  ;
; data_in[15] ; data3[4]    ;        ; 9.170  ; 9.170  ;        ;
; data_in[15] ; data3[5]    ; 8.845  ; 8.845  ; 8.845  ; 8.845  ;
; data_in[15] ; data3[6]    ; 8.850  ; 8.850  ; 8.850  ; 8.850  ;
; data_in[16] ; data4[0]    ; 9.156  ; 9.156  ; 9.156  ; 9.156  ;
; data_in[16] ; data4[1]    ; 9.155  ; 9.155  ; 9.155  ; 9.155  ;
; data_in[16] ; data4[2]    ;        ; 9.131  ; 9.131  ;        ;
; data_in[16] ; data4[3]    ; 8.866  ; 8.866  ; 8.866  ; 8.866  ;
; data_in[16] ; data4[4]    ; 8.861  ;        ;        ; 8.861  ;
; data_in[16] ; data4[5]    ; 9.163  ;        ;        ; 9.163  ;
; data_in[16] ; data4[6]    ; 9.154  ; 9.154  ; 9.154  ; 9.154  ;
; data_in[17] ; data4[0]    ; 9.172  ; 9.172  ; 9.172  ; 9.172  ;
; data_in[17] ; data4[1]    ; 9.199  ; 9.199  ; 9.199  ; 9.199  ;
; data_in[17] ; data4[2]    ; 9.176  ;        ;        ; 9.176  ;
; data_in[17] ; data4[3]    ; 8.905  ; 8.905  ; 8.905  ; 8.905  ;
; data_in[17] ; data4[4]    ;        ; 8.866  ; 8.866  ;        ;
; data_in[17] ; data4[5]    ; 9.198  ; 9.198  ; 9.198  ; 9.198  ;
; data_in[17] ; data4[6]    ; 9.193  ; 9.193  ; 9.193  ; 9.193  ;
; data_in[18] ; data4[0]    ; 9.696  ; 9.696  ; 9.696  ; 9.696  ;
; data_in[18] ; data4[1]    ; 9.694  ;        ;        ; 9.694  ;
; data_in[18] ; data4[2]    ; 9.670  ; 9.670  ; 9.670  ; 9.670  ;
; data_in[18] ; data4[3]    ; 9.406  ; 9.406  ; 9.406  ; 9.406  ;
; data_in[18] ; data4[4]    ; 9.402  ; 9.402  ; 9.402  ; 9.402  ;
; data_in[18] ; data4[5]    ; 9.677  ; 9.677  ; 9.677  ; 9.677  ;
; data_in[18] ; data4[6]    ; 9.699  ; 9.699  ; 9.699  ; 9.699  ;
; data_in[19] ; data4[0]    ; 9.314  ; 9.314  ; 9.314  ; 9.314  ;
; data_in[19] ; data4[1]    ; 9.315  ; 9.315  ; 9.315  ; 9.315  ;
; data_in[19] ; data4[2]    ; 9.291  ; 9.291  ; 9.291  ; 9.291  ;
; data_in[19] ; data4[3]    ; 9.024  ; 9.024  ; 9.024  ; 9.024  ;
; data_in[19] ; data4[4]    ;        ; 9.020  ; 9.020  ;        ;
; data_in[19] ; data4[5]    ; 9.321  ; 9.321  ; 9.321  ; 9.321  ;
; data_in[19] ; data4[6]    ; 9.309  ; 9.309  ; 9.309  ; 9.309  ;
; data_in[20] ; data5[0]    ; 9.044  ; 9.044  ; 9.044  ; 9.044  ;
; data_in[20] ; data5[1]    ; 8.889  ; 8.889  ; 8.889  ; 8.889  ;
; data_in[20] ; data5[2]    ;        ; 8.850  ; 8.850  ;        ;
; data_in[20] ; data5[3]    ; 9.166  ; 9.166  ; 9.166  ; 9.166  ;
; data_in[20] ; data5[4]    ; 9.058  ;        ;        ; 9.058  ;
; data_in[20] ; data5[5]    ; 9.179  ;        ;        ; 9.179  ;
; data_in[20] ; data5[6]    ; 9.487  ; 9.487  ; 9.487  ; 9.487  ;
; data_in[21] ; data5[0]    ; 8.918  ; 8.918  ; 8.918  ; 8.918  ;
; data_in[21] ; data5[1]    ; 8.764  ; 8.764  ; 8.764  ; 8.764  ;
; data_in[21] ; data5[2]    ; 8.751  ;        ;        ; 8.751  ;
; data_in[21] ; data5[3]    ; 9.048  ; 9.048  ; 9.048  ; 9.048  ;
; data_in[21] ; data5[4]    ;        ; 8.937  ; 8.937  ;        ;
; data_in[21] ; data5[5]    ; 9.061  ; 9.061  ; 9.061  ; 9.061  ;
; data_in[21] ; data5[6]    ; 9.365  ; 9.365  ; 9.365  ; 9.365  ;
; data_in[22] ; data5[0]    ; 9.046  ; 9.046  ; 9.046  ; 9.046  ;
; data_in[22] ; data5[1]    ; 8.892  ;        ;        ; 8.892  ;
; data_in[22] ; data5[2]    ; 8.878  ; 8.878  ; 8.878  ; 8.878  ;
; data_in[22] ; data5[3]    ; 9.172  ; 9.172  ; 9.172  ; 9.172  ;
; data_in[22] ; data5[4]    ; 9.061  ; 9.061  ; 9.061  ; 9.061  ;
; data_in[22] ; data5[5]    ; 9.184  ; 9.184  ; 9.184  ; 9.184  ;
; data_in[22] ; data5[6]    ; 9.489  ; 9.489  ; 9.489  ; 9.489  ;
; data_in[23] ; data5[0]    ; 9.374  ; 9.374  ; 9.374  ; 9.374  ;
; data_in[23] ; data5[1]    ; 9.220  ; 9.220  ; 9.220  ; 9.220  ;
; data_in[23] ; data5[2]    ; 9.183  ; 9.183  ; 9.183  ; 9.183  ;
; data_in[23] ; data5[3]    ; 9.497  ; 9.497  ; 9.497  ; 9.497  ;
; data_in[23] ; data5[4]    ;        ; 9.383  ; 9.383  ;        ;
; data_in[23] ; data5[5]    ; 9.478  ; 9.478  ; 9.478  ; 9.478  ;
; data_in[23] ; data5[6]    ; 9.814  ; 9.814  ; 9.814  ; 9.814  ;
; data_in[24] ; data6[0]    ; 9.154  ; 9.154  ; 9.154  ; 9.154  ;
; data_in[24] ; data6[1]    ; 9.303  ; 9.303  ; 9.303  ; 9.303  ;
; data_in[24] ; data6[2]    ;        ; 9.230  ; 9.230  ;        ;
; data_in[24] ; data6[3]    ; 9.233  ; 9.233  ; 9.233  ; 9.233  ;
; data_in[24] ; data6[4]    ; 9.303  ;        ;        ; 9.303  ;
; data_in[24] ; data6[5]    ; 9.010  ;        ;        ; 9.010  ;
; data_in[24] ; data6[6]    ; 9.312  ; 9.312  ; 9.312  ; 9.312  ;
; data_in[25] ; data6[0]    ; 8.785  ; 8.785  ; 8.785  ; 8.785  ;
; data_in[25] ; data6[1]    ; 8.928  ; 8.928  ; 8.928  ; 8.928  ;
; data_in[25] ; data6[2]    ; 8.856  ;        ;        ; 8.856  ;
; data_in[25] ; data6[3]    ; 8.860  ; 8.860  ; 8.860  ; 8.860  ;
; data_in[25] ; data6[4]    ;        ; 8.930  ; 8.930  ;        ;
; data_in[25] ; data6[5]    ; 8.637  ; 8.637  ; 8.637  ; 8.637  ;
; data_in[25] ; data6[6]    ; 8.936  ; 8.936  ; 8.936  ; 8.936  ;
; data_in[26] ; data6[0]    ; 9.047  ; 9.047  ; 9.047  ; 9.047  ;
; data_in[26] ; data6[1]    ; 9.190  ;        ;        ; 9.190  ;
; data_in[26] ; data6[2]    ; 9.105  ; 9.105  ; 9.105  ; 9.105  ;
; data_in[26] ; data6[3]    ; 9.106  ; 9.106  ; 9.106  ; 9.106  ;
; data_in[26] ; data6[4]    ; 9.178  ; 9.178  ; 9.178  ; 9.178  ;
; data_in[26] ; data6[5]    ; 8.885  ; 8.885  ; 8.885  ; 8.885  ;
; data_in[26] ; data6[6]    ; 9.197  ; 9.197  ; 9.197  ; 9.197  ;
; data_in[27] ; data6[0]    ; 9.093  ; 9.093  ; 9.093  ; 9.093  ;
; data_in[27] ; data6[1]    ; 9.235  ; 9.235  ; 9.235  ; 9.235  ;
; data_in[27] ; data6[2]    ; 9.151  ; 9.151  ; 9.151  ; 9.151  ;
; data_in[27] ; data6[3]    ; 9.129  ; 9.129  ; 9.129  ; 9.129  ;
; data_in[27] ; data6[4]    ;        ; 9.227  ; 9.227  ;        ;
; data_in[27] ; data6[5]    ; 8.933  ; 8.933  ; 8.933  ; 8.933  ;
; data_in[27] ; data6[6]    ; 9.245  ; 9.245  ; 9.245  ; 9.245  ;
; data_in[28] ; data7[0]    ; 9.221  ; 9.221  ; 9.221  ; 9.221  ;
; data_in[28] ; data7[1]    ; 9.270  ; 9.270  ; 9.270  ; 9.270  ;
; data_in[28] ; data7[2]    ;        ; 9.270  ; 9.270  ;        ;
; data_in[28] ; data7[3]    ; 8.964  ; 8.964  ; 8.964  ; 8.964  ;
; data_in[28] ; data7[4]    ; 9.242  ;        ;        ; 9.242  ;
; data_in[28] ; data7[5]    ; 9.552  ;        ;        ; 9.552  ;
; data_in[28] ; data7[6]    ; 8.967  ; 8.967  ; 8.967  ; 8.967  ;
; data_in[29] ; data7[0]    ; 9.349  ; 9.349  ; 9.349  ; 9.349  ;
; data_in[29] ; data7[1]    ; 9.395  ; 9.395  ; 9.395  ; 9.395  ;
; data_in[29] ; data7[2]    ; 9.398  ;        ;        ; 9.398  ;
; data_in[29] ; data7[3]    ; 9.089  ; 9.089  ; 9.089  ; 9.089  ;
; data_in[29] ; data7[4]    ;        ; 9.366  ; 9.366  ;        ;
; data_in[29] ; data7[5]    ; 9.680  ; 9.680  ; 9.680  ; 9.680  ;
; data_in[29] ; data7[6]    ; 9.090  ; 9.090  ; 9.090  ; 9.090  ;
; data_in[30] ; data7[0]    ; 9.232  ; 9.232  ; 9.232  ; 9.232  ;
; data_in[30] ; data7[1]    ; 9.287  ;        ;        ; 9.287  ;
; data_in[30] ; data7[2]    ; 9.283  ; 9.283  ; 9.283  ; 9.283  ;
; data_in[30] ; data7[3]    ; 8.973  ; 8.973  ; 8.973  ; 8.973  ;
; data_in[30] ; data7[4]    ; 9.260  ; 9.260  ; 9.260  ; 9.260  ;
; data_in[30] ; data7[5]    ; 9.538  ; 9.538  ; 9.538  ; 9.538  ;
; data_in[30] ; data7[6]    ; 8.985  ; 8.985  ; 8.985  ; 8.985  ;
; data_in[31] ; data7[0]    ; 9.169  ; 9.169  ; 9.169  ; 9.169  ;
; data_in[31] ; data7[1]    ; 9.245  ; 9.245  ; 9.245  ; 9.245  ;
; data_in[31] ; data7[2]    ; 9.248  ; 9.248  ; 9.248  ; 9.248  ;
; data_in[31] ; data7[3]    ; 8.935  ; 8.935  ; 8.935  ; 8.935  ;
; data_in[31] ; data7[4]    ;        ; 9.180  ; 9.180  ;        ;
; data_in[31] ; data7[5]    ; 9.499  ; 9.499  ; 9.499  ; 9.499  ;
; data_in[31] ; data7[6]    ; 8.939  ; 8.939  ; 8.939  ; 8.939  ;
+-------------+-------------+--------+--------+--------+--------+


----------------------------
; Fast Model Setup Summary ;
----------------------------
No paths to report.


---------------------------
; Fast Model Hold Summary ;
---------------------------
No paths to report.


-------------------------------
; Fast Model Recovery Summary ;
-------------------------------
No paths to report.


------------------------------
; Fast Model Removal Summary ;
------------------------------
No paths to report.


------------------------------------------
; Fast Model Minimum Pulse Width Summary ;
------------------------------------------
No paths to report.


+-----------------------------------------------------------+
; Propagation Delay                                         ;
+-------------+-------------+-------+-------+-------+-------+
; Input Port  ; Output Port ; RR    ; RF    ; FR    ; FF    ;
+-------------+-------------+-------+-------+-------+-------+
; data_in[0]  ; data0[0]    ; 5.636 ; 5.636 ; 5.636 ; 5.636 ;
; data_in[0]  ; data0[1]    ; 5.526 ; 5.526 ; 5.526 ; 5.526 ;
; data_in[0]  ; data0[2]    ;       ; 5.519 ; 5.519 ;       ;
; data_in[0]  ; data0[3]    ; 5.419 ; 5.419 ; 5.419 ; 5.419 ;
; data_in[0]  ; data0[4]    ; 5.311 ;       ;       ; 5.311 ;
; data_in[0]  ; data0[5]    ; 5.294 ;       ;       ; 5.294 ;
; data_in[0]  ; data0[6]    ; 5.498 ; 5.498 ; 5.498 ; 5.498 ;
; data_in[1]  ; data0[0]    ; 5.583 ; 5.583 ; 5.583 ; 5.583 ;
; data_in[1]  ; data0[1]    ; 5.474 ; 5.474 ; 5.474 ; 5.474 ;
; data_in[1]  ; data0[2]    ; 5.466 ;       ;       ; 5.466 ;
; data_in[1]  ; data0[3]    ; 5.367 ; 5.367 ; 5.367 ; 5.367 ;
; data_in[1]  ; data0[4]    ;       ; 5.259 ; 5.259 ;       ;
; data_in[1]  ; data0[5]    ; 5.241 ; 5.241 ; 5.241 ; 5.241 ;
; data_in[1]  ; data0[6]    ; 5.447 ; 5.447 ; 5.447 ; 5.447 ;
; data_in[2]  ; data0[0]    ; 5.498 ; 5.498 ; 5.498 ; 5.498 ;
; data_in[2]  ; data0[1]    ; 5.400 ;       ;       ; 5.400 ;
; data_in[2]  ; data0[2]    ; 5.383 ; 5.383 ; 5.383 ; 5.383 ;
; data_in[2]  ; data0[3]    ; 5.296 ; 5.296 ; 5.296 ; 5.296 ;
; data_in[2]  ; data0[4]    ; 5.186 ; 5.186 ; 5.186 ; 5.186 ;
; data_in[2]  ; data0[5]    ; 5.167 ; 5.167 ; 5.167 ; 5.167 ;
; data_in[2]  ; data0[6]    ; 5.376 ; 5.376 ; 5.376 ; 5.376 ;
; data_in[3]  ; data0[0]    ; 5.521 ; 5.521 ; 5.521 ; 5.521 ;
; data_in[3]  ; data0[1]    ; 5.412 ; 5.412 ; 5.412 ; 5.412 ;
; data_in[3]  ; data0[2]    ; 5.407 ; 5.407 ; 5.407 ; 5.407 ;
; data_in[3]  ; data0[3]    ; 5.308 ; 5.308 ; 5.308 ; 5.308 ;
; data_in[3]  ; data0[4]    ;       ; 5.198 ; 5.198 ;       ;
; data_in[3]  ; data0[5]    ; 5.180 ; 5.180 ; 5.180 ; 5.180 ;
; data_in[3]  ; data0[6]    ; 5.388 ; 5.388 ; 5.388 ; 5.388 ;
; data_in[4]  ; data1[0]    ; 5.793 ; 5.793 ; 5.793 ; 5.793 ;
; data_in[4]  ; data1[1]    ; 5.406 ; 5.406 ; 5.406 ; 5.406 ;
; data_in[4]  ; data1[2]    ;       ; 5.289 ; 5.289 ;       ;
; data_in[4]  ; data1[3]    ; 5.411 ; 5.411 ; 5.411 ; 5.411 ;
; data_in[4]  ; data1[4]    ; 5.280 ;       ;       ; 5.280 ;
; data_in[4]  ; data1[5]    ; 5.490 ;       ;       ; 5.490 ;
; data_in[4]  ; data1[6]    ; 5.371 ; 5.371 ; 5.371 ; 5.371 ;
; data_in[5]  ; data1[0]    ; 5.668 ; 5.668 ; 5.668 ; 5.668 ;
; data_in[5]  ; data1[1]    ; 5.288 ; 5.288 ; 5.288 ; 5.288 ;
; data_in[5]  ; data1[2]    ; 5.171 ;       ;       ; 5.171 ;
; data_in[5]  ; data1[3]    ; 5.294 ; 5.294 ; 5.294 ; 5.294 ;
; data_in[5]  ; data1[4]    ;       ; 5.156 ; 5.156 ;       ;
; data_in[5]  ; data1[5]    ; 5.372 ; 5.372 ; 5.372 ; 5.372 ;
; data_in[5]  ; data1[6]    ; 5.254 ; 5.254 ; 5.254 ; 5.254 ;
; data_in[6]  ; data1[0]    ; 5.723 ; 5.723 ; 5.723 ; 5.723 ;
; data_in[6]  ; data1[1]    ; 5.344 ;       ;       ; 5.344 ;
; data_in[6]  ; data1[2]    ; 5.226 ; 5.226 ; 5.226 ; 5.226 ;
; data_in[6]  ; data1[3]    ; 5.349 ; 5.349 ; 5.349 ; 5.349 ;
; data_in[6]  ; data1[4]    ; 5.212 ; 5.212 ; 5.212 ; 5.212 ;
; data_in[6]  ; data1[5]    ; 5.433 ; 5.433 ; 5.433 ; 5.433 ;
; data_in[6]  ; data1[6]    ; 5.310 ; 5.310 ; 5.310 ; 5.310 ;
; data_in[7]  ; data1[0]    ; 5.773 ; 5.773 ; 5.773 ; 5.773 ;
; data_in[7]  ; data1[1]    ; 5.380 ; 5.380 ; 5.380 ; 5.380 ;
; data_in[7]  ; data1[2]    ; 5.268 ; 5.268 ; 5.268 ; 5.268 ;
; data_in[7]  ; data1[3]    ; 5.388 ; 5.388 ; 5.388 ; 5.388 ;
; data_in[7]  ; data1[4]    ;       ; 5.250 ; 5.250 ;       ;
; data_in[7]  ; data1[5]    ; 5.477 ; 5.477 ; 5.477 ; 5.477 ;
; data_in[7]  ; data1[6]    ; 5.345 ; 5.345 ; 5.345 ; 5.345 ;
; data_in[8]  ; data2[0]    ; 5.415 ; 5.415 ; 5.415 ; 5.415 ;
; data_in[8]  ; data2[1]    ; 5.322 ; 5.322 ; 5.322 ; 5.322 ;
; data_in[8]  ; data2[2]    ;       ; 5.329 ; 5.329 ;       ;
; data_in[8]  ; data2[3]    ; 5.436 ; 5.436 ; 5.436 ; 5.436 ;
; data_in[8]  ; data2[4]    ; 6.378 ;       ;       ; 6.378 ;
; data_in[8]  ; data2[5]    ; 7.138 ;       ;       ; 7.138 ;
; data_in[8]  ; data2[6]    ; 7.277 ; 7.277 ; 7.277 ; 7.277 ;
; data_in[9]  ; data2[0]    ; 5.451 ; 5.451 ; 5.451 ; 5.451 ;
; data_in[9]  ; data2[1]    ; 5.371 ; 5.371 ; 5.371 ; 5.371 ;
; data_in[9]  ; data2[2]    ; 5.384 ;       ;       ; 5.384 ;
; data_in[9]  ; data2[3]    ; 5.501 ; 5.501 ; 5.501 ; 5.501 ;
; data_in[9]  ; data2[4]    ;       ; 6.419 ; 6.419 ;       ;
; data_in[9]  ; data2[5]    ; 7.177 ; 7.177 ; 7.177 ; 7.177 ;
; data_in[9]  ; data2[6]    ; 7.338 ; 7.338 ; 7.338 ; 7.338 ;
; data_in[10] ; data2[0]    ; 5.322 ; 5.322 ; 5.322 ; 5.322 ;
; data_in[10] ; data2[1]    ; 5.231 ;       ;       ; 5.231 ;
; data_in[10] ; data2[2]    ; 5.248 ; 5.248 ; 5.248 ; 5.248 ;
; data_in[10] ; data2[3]    ; 5.355 ; 5.355 ; 5.355 ; 5.355 ;
; data_in[10] ; data2[4]    ; 6.284 ; 6.284 ; 6.284 ; 6.284 ;
; data_in[10] ; data2[5]    ; 7.048 ; 7.048 ; 7.048 ; 7.048 ;
; data_in[10] ; data2[6]    ; 7.199 ; 7.199 ; 7.199 ; 7.199 ;
; data_in[11] ; data2[0]    ; 5.290 ; 5.290 ; 5.290 ; 5.290 ;
; data_in[11] ; data2[1]    ; 5.201 ; 5.201 ; 5.201 ; 5.201 ;
; data_in[11] ; data2[2]    ; 5.206 ; 5.206 ; 5.206 ; 5.206 ;
; data_in[11] ; data2[3]    ; 5.311 ; 5.311 ; 5.311 ; 5.311 ;
; data_in[11] ; data2[4]    ;       ; 6.251 ; 6.251 ;       ;
; data_in[11] ; data2[5]    ; 7.012 ; 7.012 ; 7.012 ; 7.012 ;
; data_in[11] ; data2[6]    ; 7.154 ; 7.154 ; 7.154 ; 7.154 ;
; data_in[12] ; data3[0]    ; 5.412 ; 5.412 ; 5.412 ; 5.412 ;
; data_in[12] ; data3[1]    ; 5.429 ; 5.429 ; 5.429 ; 5.429 ;
; data_in[12] ; data3[2]    ;       ; 5.126 ; 5.126 ;       ;
; data_in[12] ; data3[3]    ; 5.248 ; 5.248 ; 5.248 ; 5.248 ;
; data_in[12] ; data3[4]    ; 5.277 ;       ;       ; 5.277 ;
; data_in[12] ; data3[5]    ; 5.110 ;       ;       ; 5.110 ;
; data_in[12] ; data3[6]    ; 5.104 ; 5.104 ; 5.104 ; 5.104 ;
; data_in[13] ; data3[0]    ; 5.334 ; 5.334 ; 5.334 ; 5.334 ;
; data_in[13] ; data3[1]    ; 5.359 ; 5.359 ; 5.359 ; 5.359 ;
; data_in[13] ; data3[2]    ; 5.056 ;       ;       ; 5.056 ;
; data_in[13] ; data3[3]    ; 5.177 ; 5.177 ; 5.177 ; 5.177 ;
; data_in[13] ; data3[4]    ;       ; 5.199 ; 5.199 ;       ;
; data_in[13] ; data3[5]    ; 5.039 ; 5.039 ; 5.039 ; 5.039 ;
; data_in[13] ; data3[6]    ; 5.034 ; 5.034 ; 5.034 ; 5.034 ;
; data_in[14] ; data3[0]    ; 5.293 ; 5.293 ; 5.293 ; 5.293 ;
; data_in[14] ; data3[1]    ; 5.310 ;       ;       ; 5.310 ;
; data_in[14] ; data3[2]    ; 5.011 ; 5.011 ; 5.011 ; 5.011 ;
; data_in[14] ; data3[3]    ; 5.133 ; 5.133 ; 5.133 ; 5.133 ;
; data_in[14] ; data3[4]    ; 5.159 ; 5.159 ; 5.159 ; 5.159 ;
; data_in[14] ; data3[5]    ; 4.998 ; 4.998 ; 4.998 ; 4.998 ;
; data_in[14] ; data3[6]    ; 4.988 ; 4.988 ; 4.988 ; 4.988 ;
; data_in[15] ; data3[0]    ; 5.267 ; 5.267 ; 5.267 ; 5.267 ;
; data_in[15] ; data3[1]    ; 5.294 ; 5.294 ; 5.294 ; 5.294 ;
; data_in[15] ; data3[2]    ; 4.988 ; 4.988 ; 4.988 ; 4.988 ;
; data_in[15] ; data3[3]    ; 5.116 ; 5.116 ; 5.116 ; 5.116 ;
; data_in[15] ; data3[4]    ;       ; 5.127 ; 5.127 ;       ;
; data_in[15] ; data3[5]    ; 4.964 ; 4.964 ; 4.964 ; 4.964 ;
; data_in[15] ; data3[6]    ; 4.969 ; 4.969 ; 4.969 ; 4.969 ;
; data_in[16] ; data4[0]    ; 5.150 ; 5.150 ; 5.150 ; 5.150 ;
; data_in[16] ; data4[1]    ; 5.149 ; 5.149 ; 5.149 ; 5.149 ;
; data_in[16] ; data4[2]    ;       ; 5.129 ; 5.129 ;       ;
; data_in[16] ; data4[3]    ; 5.008 ; 5.008 ; 5.008 ; 5.008 ;
; data_in[16] ; data4[4]    ; 5.008 ;       ;       ; 5.008 ;
; data_in[16] ; data4[5]    ; 5.153 ;       ;       ; 5.153 ;
; data_in[16] ; data4[6]    ; 5.142 ; 5.142 ; 5.142 ; 5.142 ;
; data_in[17] ; data4[0]    ; 5.134 ; 5.134 ; 5.134 ; 5.134 ;
; data_in[17] ; data4[1]    ; 5.137 ; 5.137 ; 5.137 ; 5.137 ;
; data_in[17] ; data4[2]    ; 5.124 ;       ;       ; 5.124 ;
; data_in[17] ; data4[3]    ; 4.990 ; 4.990 ; 4.990 ; 4.990 ;
; data_in[17] ; data4[4]    ;       ; 4.986 ; 4.986 ;       ;
; data_in[17] ; data4[5]    ; 5.132 ; 5.132 ; 5.132 ; 5.132 ;
; data_in[17] ; data4[6]    ; 5.123 ; 5.123 ; 5.123 ; 5.123 ;
; data_in[18] ; data4[0]    ; 5.425 ; 5.425 ; 5.425 ; 5.425 ;
; data_in[18] ; data4[1]    ; 5.423 ;       ;       ; 5.423 ;
; data_in[18] ; data4[2]    ; 5.405 ; 5.405 ; 5.405 ; 5.405 ;
; data_in[18] ; data4[3]    ; 5.282 ; 5.282 ; 5.282 ; 5.282 ;
; data_in[18] ; data4[4]    ; 5.282 ; 5.282 ; 5.282 ; 5.282 ;
; data_in[18] ; data4[5]    ; 5.427 ; 5.427 ; 5.427 ; 5.427 ;
; data_in[18] ; data4[6]    ; 5.416 ; 5.416 ; 5.416 ; 5.416 ;
; data_in[19] ; data4[0]    ; 5.205 ; 5.205 ; 5.205 ; 5.205 ;
; data_in[19] ; data4[1]    ; 5.208 ; 5.208 ; 5.208 ; 5.208 ;
; data_in[19] ; data4[2]    ; 5.191 ; 5.191 ; 5.191 ; 5.191 ;
; data_in[19] ; data4[3]    ; 5.063 ; 5.063 ; 5.063 ; 5.063 ;
; data_in[19] ; data4[4]    ;       ; 5.063 ; 5.063 ;       ;
; data_in[19] ; data4[5]    ; 5.208 ; 5.208 ; 5.208 ; 5.208 ;
; data_in[19] ; data4[6]    ; 5.197 ; 5.197 ; 5.197 ; 5.197 ;
; data_in[20] ; data5[0]    ; 5.067 ; 5.067 ; 5.067 ; 5.067 ;
; data_in[20] ; data5[1]    ; 5.003 ; 5.003 ; 5.003 ; 5.003 ;
; data_in[20] ; data5[2]    ;       ; 4.995 ; 4.995 ;       ;
; data_in[20] ; data5[3]    ; 5.122 ; 5.122 ; 5.122 ; 5.122 ;
; data_in[20] ; data5[4]    ; 5.079 ;       ;       ; 5.079 ;
; data_in[20] ; data5[5]    ; 5.138 ;       ;       ; 5.138 ;
; data_in[20] ; data5[6]    ; 5.273 ; 5.273 ; 5.273 ; 5.273 ;
; data_in[21] ; data5[0]    ; 5.020 ; 5.020 ; 5.020 ; 5.020 ;
; data_in[21] ; data5[1]    ; 4.956 ; 4.956 ; 4.956 ; 4.956 ;
; data_in[21] ; data5[2]    ; 4.946 ;       ;       ; 4.946 ;
; data_in[21] ; data5[3]    ; 5.080 ; 5.080 ; 5.080 ; 5.080 ;
; data_in[21] ; data5[4]    ;       ; 5.038 ; 5.038 ;       ;
; data_in[21] ; data5[5]    ; 5.091 ; 5.091 ; 5.091 ; 5.091 ;
; data_in[21] ; data5[6]    ; 5.231 ; 5.231 ; 5.231 ; 5.231 ;
; data_in[22] ; data5[0]    ; 5.070 ; 5.070 ; 5.070 ; 5.070 ;
; data_in[22] ; data5[1]    ; 5.007 ;       ;       ; 5.007 ;
; data_in[22] ; data5[2]    ; 4.996 ; 4.996 ; 4.996 ; 4.996 ;
; data_in[22] ; data5[3]    ; 5.128 ; 5.128 ; 5.128 ; 5.128 ;
; data_in[22] ; data5[4]    ; 5.086 ; 5.086 ; 5.086 ; 5.086 ;
; data_in[22] ; data5[5]    ; 5.139 ; 5.139 ; 5.139 ; 5.139 ;
; data_in[22] ; data5[6]    ; 5.279 ; 5.279 ; 5.279 ; 5.279 ;
; data_in[23] ; data5[0]    ; 5.247 ; 5.247 ; 5.247 ; 5.247 ;
; data_in[23] ; data5[1]    ; 5.184 ; 5.184 ; 5.184 ; 5.184 ;
; data_in[23] ; data5[2]    ; 5.180 ; 5.180 ; 5.180 ; 5.180 ;
; data_in[23] ; data5[3]    ; 5.300 ; 5.300 ; 5.300 ; 5.300 ;
; data_in[23] ; data5[4]    ;       ; 5.257 ; 5.257 ;       ;
; data_in[23] ; data5[5]    ; 5.311 ; 5.311 ; 5.311 ; 5.311 ;
; data_in[23] ; data5[6]    ; 5.450 ; 5.450 ; 5.450 ; 5.450 ;
; data_in[24] ; data6[0]    ; 5.132 ; 5.132 ; 5.132 ; 5.132 ;
; data_in[24] ; data6[1]    ; 5.210 ; 5.210 ; 5.210 ; 5.210 ;
; data_in[24] ; data6[2]    ;       ; 5.163 ; 5.163 ;       ;
; data_in[24] ; data6[3]    ; 5.165 ; 5.165 ; 5.165 ; 5.165 ;
; data_in[24] ; data6[4]    ; 5.216 ;       ;       ; 5.216 ;
; data_in[24] ; data6[5]    ; 5.078 ;       ;       ; 5.078 ;
; data_in[24] ; data6[6]    ; 5.219 ; 5.219 ; 5.219 ; 5.219 ;
; data_in[25] ; data6[0]    ; 4.970 ; 4.970 ; 4.970 ; 4.970 ;
; data_in[25] ; data6[1]    ; 5.045 ; 5.045 ; 5.045 ; 5.045 ;
; data_in[25] ; data6[2]    ; 4.995 ;       ;       ; 4.995 ;
; data_in[25] ; data6[3]    ; 4.996 ; 4.996 ; 4.996 ; 4.996 ;
; data_in[25] ; data6[4]    ;       ; 5.044 ; 5.044 ;       ;
; data_in[25] ; data6[5]    ; 4.910 ; 4.910 ; 4.910 ; 4.910 ;
; data_in[25] ; data6[6]    ; 5.054 ; 5.054 ; 5.054 ; 5.054 ;
; data_in[26] ; data6[0]    ; 5.078 ; 5.078 ; 5.078 ; 5.078 ;
; data_in[26] ; data6[1]    ; 5.151 ;       ;       ; 5.151 ;
; data_in[26] ; data6[2]    ; 5.090 ; 5.090 ; 5.090 ; 5.090 ;
; data_in[26] ; data6[3]    ; 5.096 ; 5.096 ; 5.096 ; 5.096 ;
; data_in[26] ; data6[4]    ; 5.142 ; 5.142 ; 5.142 ; 5.142 ;
; data_in[26] ; data6[5]    ; 5.005 ; 5.005 ; 5.005 ; 5.005 ;
; data_in[26] ; data6[6]    ; 5.156 ; 5.156 ; 5.156 ; 5.156 ;
; data_in[27] ; data6[0]    ; 5.100 ; 5.100 ; 5.100 ; 5.100 ;
; data_in[27] ; data6[1]    ; 5.165 ; 5.165 ; 5.165 ; 5.165 ;
; data_in[27] ; data6[2]    ; 5.109 ; 5.109 ; 5.109 ; 5.109 ;
; data_in[27] ; data6[3]    ; 5.111 ; 5.111 ; 5.111 ; 5.111 ;
; data_in[27] ; data6[4]    ;       ; 5.161 ; 5.161 ;       ;
; data_in[27] ; data6[5]    ; 5.024 ; 5.024 ; 5.024 ; 5.024 ;
; data_in[27] ; data6[6]    ; 5.175 ; 5.175 ; 5.175 ; 5.175 ;
; data_in[28] ; data7[0]    ; 5.181 ; 5.181 ; 5.181 ; 5.181 ;
; data_in[28] ; data7[1]    ; 5.221 ; 5.221 ; 5.221 ; 5.221 ;
; data_in[28] ; data7[2]    ;       ; 5.224 ; 5.224 ;       ;
; data_in[28] ; data7[3]    ; 5.077 ; 5.077 ; 5.077 ; 5.077 ;
; data_in[28] ; data7[4]    ; 5.199 ;       ;       ; 5.199 ;
; data_in[28] ; data7[5]    ; 5.346 ;       ;       ; 5.346 ;
; data_in[28] ; data7[6]    ; 5.083 ; 5.083 ; 5.083 ; 5.083 ;
; data_in[29] ; data7[0]    ; 5.234 ; 5.234 ; 5.234 ; 5.234 ;
; data_in[29] ; data7[1]    ; 5.273 ; 5.273 ; 5.273 ; 5.273 ;
; data_in[29] ; data7[2]    ; 5.280 ;       ;       ; 5.280 ;
; data_in[29] ; data7[3]    ; 5.131 ; 5.131 ; 5.131 ; 5.131 ;
; data_in[29] ; data7[4]    ;       ; 5.251 ; 5.251 ;       ;
; data_in[29] ; data7[5]    ; 5.399 ; 5.399 ; 5.399 ; 5.399 ;
; data_in[29] ; data7[6]    ; 5.133 ; 5.133 ; 5.133 ; 5.133 ;
; data_in[30] ; data7[0]    ; 5.168 ; 5.168 ; 5.168 ; 5.168 ;
; data_in[30] ; data7[1]    ; 5.214 ;       ;       ; 5.214 ;
; data_in[30] ; data7[2]    ; 5.220 ; 5.220 ; 5.220 ; 5.220 ;
; data_in[30] ; data7[3]    ; 5.063 ; 5.063 ; 5.063 ; 5.063 ;
; data_in[30] ; data7[4]    ; 5.193 ; 5.193 ; 5.193 ; 5.193 ;
; data_in[30] ; data7[5]    ; 5.334 ; 5.334 ; 5.334 ; 5.334 ;
; data_in[30] ; data7[6]    ; 5.078 ; 5.078 ; 5.078 ; 5.078 ;
; data_in[31] ; data7[0]    ; 5.155 ; 5.155 ; 5.155 ; 5.155 ;
; data_in[31] ; data7[1]    ; 5.197 ; 5.197 ; 5.197 ; 5.197 ;
; data_in[31] ; data7[2]    ; 5.203 ; 5.203 ; 5.203 ; 5.203 ;
; data_in[31] ; data7[3]    ; 5.051 ; 5.051 ; 5.051 ; 5.051 ;
; data_in[31] ; data7[4]    ;       ; 5.172 ; 5.172 ;       ;
; data_in[31] ; data7[5]    ; 5.320 ; 5.320 ; 5.320 ; 5.320 ;
; data_in[31] ; data7[6]    ; 5.055 ; 5.055 ; 5.055 ; 5.055 ;
+-------------+-------------+-------+-------+-------+-------+


+-----------------------------------------------------------+
; Minimum Propagation Delay                                 ;
+-------------+-------------+-------+-------+-------+-------+
; Input Port  ; Output Port ; RR    ; RF    ; FR    ; FF    ;
+-------------+-------------+-------+-------+-------+-------+
; data_in[0]  ; data0[0]    ; 5.636 ; 5.636 ; 5.636 ; 5.636 ;
; data_in[0]  ; data0[1]    ; 5.526 ; 5.526 ; 5.526 ; 5.526 ;
; data_in[0]  ; data0[2]    ;       ; 5.519 ; 5.519 ;       ;
; data_in[0]  ; data0[3]    ; 5.419 ; 5.419 ; 5.419 ; 5.419 ;
; data_in[0]  ; data0[4]    ; 5.311 ;       ;       ; 5.311 ;
; data_in[0]  ; data0[5]    ; 5.294 ;       ;       ; 5.294 ;
; data_in[0]  ; data0[6]    ; 5.498 ; 5.498 ; 5.498 ; 5.498 ;
; data_in[1]  ; data0[0]    ; 5.583 ; 5.583 ; 5.583 ; 5.583 ;
; data_in[1]  ; data0[1]    ; 5.474 ; 5.474 ; 5.474 ; 5.474 ;
; data_in[1]  ; data0[2]    ; 5.466 ;       ;       ; 5.466 ;
; data_in[1]  ; data0[3]    ; 5.367 ; 5.367 ; 5.367 ; 5.367 ;
; data_in[1]  ; data0[4]    ;       ; 5.259 ; 5.259 ;       ;
; data_in[1]  ; data0[5]    ; 5.241 ; 5.241 ; 5.241 ; 5.241 ;
; data_in[1]  ; data0[6]    ; 5.447 ; 5.447 ; 5.447 ; 5.447 ;
; data_in[2]  ; data0[0]    ; 5.498 ; 5.498 ; 5.498 ; 5.498 ;
; data_in[2]  ; data0[1]    ; 5.400 ;       ;       ; 5.400 ;
; data_in[2]  ; data0[2]    ; 5.383 ; 5.383 ; 5.383 ; 5.383 ;
; data_in[2]  ; data0[3]    ; 5.296 ; 5.296 ; 5.296 ; 5.296 ;
; data_in[2]  ; data0[4]    ; 5.186 ; 5.186 ; 5.186 ; 5.186 ;
; data_in[2]  ; data0[5]    ; 5.167 ; 5.167 ; 5.167 ; 5.167 ;
; data_in[2]  ; data0[6]    ; 5.376 ; 5.376 ; 5.376 ; 5.376 ;
; data_in[3]  ; data0[0]    ; 5.521 ; 5.521 ; 5.521 ; 5.521 ;
; data_in[3]  ; data0[1]    ; 5.412 ; 5.412 ; 5.412 ; 5.412 ;
; data_in[3]  ; data0[2]    ; 5.407 ; 5.407 ; 5.407 ; 5.407 ;
; data_in[3]  ; data0[3]    ; 5.308 ; 5.308 ; 5.308 ; 5.308 ;
; data_in[3]  ; data0[4]    ;       ; 5.198 ; 5.198 ;       ;
; data_in[3]  ; data0[5]    ; 5.180 ; 5.180 ; 5.180 ; 5.180 ;
; data_in[3]  ; data0[6]    ; 5.388 ; 5.388 ; 5.388 ; 5.388 ;
; data_in[4]  ; data1[0]    ; 5.793 ; 5.793 ; 5.793 ; 5.793 ;
; data_in[4]  ; data1[1]    ; 5.406 ; 5.406 ; 5.406 ; 5.406 ;
; data_in[4]  ; data1[2]    ;       ; 5.289 ; 5.289 ;       ;
; data_in[4]  ; data1[3]    ; 5.411 ; 5.411 ; 5.411 ; 5.411 ;
; data_in[4]  ; data1[4]    ; 5.280 ;       ;       ; 5.280 ;
; data_in[4]  ; data1[5]    ; 5.490 ;       ;       ; 5.490 ;
; data_in[4]  ; data1[6]    ; 5.371 ; 5.371 ; 5.371 ; 5.371 ;
; data_in[5]  ; data1[0]    ; 5.668 ; 5.668 ; 5.668 ; 5.668 ;
; data_in[5]  ; data1[1]    ; 5.288 ; 5.288 ; 5.288 ; 5.288 ;
; data_in[5]  ; data1[2]    ; 5.171 ;       ;       ; 5.171 ;
; data_in[5]  ; data1[3]    ; 5.294 ; 5.294 ; 5.294 ; 5.294 ;
; data_in[5]  ; data1[4]    ;       ; 5.156 ; 5.156 ;       ;
; data_in[5]  ; data1[5]    ; 5.372 ; 5.372 ; 5.372 ; 5.372 ;
; data_in[5]  ; data1[6]    ; 5.254 ; 5.254 ; 5.254 ; 5.254 ;
; data_in[6]  ; data1[0]    ; 5.723 ; 5.723 ; 5.723 ; 5.723 ;
; data_in[6]  ; data1[1]    ; 5.344 ;       ;       ; 5.344 ;
; data_in[6]  ; data1[2]    ; 5.226 ; 5.226 ; 5.226 ; 5.226 ;
; data_in[6]  ; data1[3]    ; 5.349 ; 5.349 ; 5.349 ; 5.349 ;
; data_in[6]  ; data1[4]    ; 5.212 ; 5.212 ; 5.212 ; 5.212 ;
; data_in[6]  ; data1[5]    ; 5.433 ; 5.433 ; 5.433 ; 5.433 ;
; data_in[6]  ; data1[6]    ; 5.310 ; 5.310 ; 5.310 ; 5.310 ;
; data_in[7]  ; data1[0]    ; 5.773 ; 5.773 ; 5.773 ; 5.773 ;
; data_in[7]  ; data1[1]    ; 5.380 ; 5.380 ; 5.380 ; 5.380 ;
; data_in[7]  ; data1[2]    ; 5.268 ; 5.268 ; 5.268 ; 5.268 ;
; data_in[7]  ; data1[3]    ; 5.388 ; 5.388 ; 5.388 ; 5.388 ;
; data_in[7]  ; data1[4]    ;       ; 5.250 ; 5.250 ;       ;
; data_in[7]  ; data1[5]    ; 5.477 ; 5.477 ; 5.477 ; 5.477 ;
; data_in[7]  ; data1[6]    ; 5.345 ; 5.345 ; 5.345 ; 5.345 ;
; data_in[8]  ; data2[0]    ; 5.415 ; 5.415 ; 5.415 ; 5.415 ;
; data_in[8]  ; data2[1]    ; 5.322 ; 5.322 ; 5.322 ; 5.322 ;
; data_in[8]  ; data2[2]    ;       ; 5.329 ; 5.329 ;       ;
; data_in[8]  ; data2[3]    ; 5.436 ; 5.436 ; 5.436 ; 5.436 ;
; data_in[8]  ; data2[4]    ; 6.378 ;       ;       ; 6.378 ;
; data_in[8]  ; data2[5]    ; 7.138 ;       ;       ; 7.138 ;
; data_in[8]  ; data2[6]    ; 7.277 ; 7.277 ; 7.277 ; 7.277 ;
; data_in[9]  ; data2[0]    ; 5.451 ; 5.451 ; 5.451 ; 5.451 ;
; data_in[9]  ; data2[1]    ; 5.371 ; 5.371 ; 5.371 ; 5.371 ;
; data_in[9]  ; data2[2]    ; 5.384 ;       ;       ; 5.384 ;
; data_in[9]  ; data2[3]    ; 5.501 ; 5.501 ; 5.501 ; 5.501 ;
; data_in[9]  ; data2[4]    ;       ; 6.419 ; 6.419 ;       ;
; data_in[9]  ; data2[5]    ; 7.177 ; 7.177 ; 7.177 ; 7.177 ;
; data_in[9]  ; data2[6]    ; 7.338 ; 7.338 ; 7.338 ; 7.338 ;
; data_in[10] ; data2[0]    ; 5.322 ; 5.322 ; 5.322 ; 5.322 ;
; data_in[10] ; data2[1]    ; 5.231 ;       ;       ; 5.231 ;
; data_in[10] ; data2[2]    ; 5.248 ; 5.248 ; 5.248 ; 5.248 ;
; data_in[10] ; data2[3]    ; 5.355 ; 5.355 ; 5.355 ; 5.355 ;
; data_in[10] ; data2[4]    ; 6.284 ; 6.284 ; 6.284 ; 6.284 ;
; data_in[10] ; data2[5]    ; 7.048 ; 7.048 ; 7.048 ; 7.048 ;
; data_in[10] ; data2[6]    ; 7.199 ; 7.199 ; 7.199 ; 7.199 ;
; data_in[11] ; data2[0]    ; 5.290 ; 5.290 ; 5.290 ; 5.290 ;
; data_in[11] ; data2[1]    ; 5.201 ; 5.201 ; 5.201 ; 5.201 ;
; data_in[11] ; data2[2]    ; 5.206 ; 5.206 ; 5.206 ; 5.206 ;
; data_in[11] ; data2[3]    ; 5.311 ; 5.311 ; 5.311 ; 5.311 ;
; data_in[11] ; data2[4]    ;       ; 6.251 ; 6.251 ;       ;
; data_in[11] ; data2[5]    ; 7.012 ; 7.012 ; 7.012 ; 7.012 ;
; data_in[11] ; data2[6]    ; 7.154 ; 7.154 ; 7.154 ; 7.154 ;
; data_in[12] ; data3[0]    ; 5.412 ; 5.412 ; 5.412 ; 5.412 ;
; data_in[12] ; data3[1]    ; 5.429 ; 5.429 ; 5.429 ; 5.429 ;
; data_in[12] ; data3[2]    ;       ; 5.126 ; 5.126 ;       ;
; data_in[12] ; data3[3]    ; 5.248 ; 5.248 ; 5.248 ; 5.248 ;
; data_in[12] ; data3[4]    ; 5.277 ;       ;       ; 5.277 ;
; data_in[12] ; data3[5]    ; 5.110 ;       ;       ; 5.110 ;
; data_in[12] ; data3[6]    ; 5.104 ; 5.104 ; 5.104 ; 5.104 ;
; data_in[13] ; data3[0]    ; 5.334 ; 5.334 ; 5.334 ; 5.334 ;
; data_in[13] ; data3[1]    ; 5.359 ; 5.359 ; 5.359 ; 5.359 ;
; data_in[13] ; data3[2]    ; 5.056 ;       ;       ; 5.056 ;
; data_in[13] ; data3[3]    ; 5.177 ; 5.177 ; 5.177 ; 5.177 ;
; data_in[13] ; data3[4]    ;       ; 5.199 ; 5.199 ;       ;
; data_in[13] ; data3[5]    ; 5.039 ; 5.039 ; 5.039 ; 5.039 ;
; data_in[13] ; data3[6]    ; 5.034 ; 5.034 ; 5.034 ; 5.034 ;
; data_in[14] ; data3[0]    ; 5.293 ; 5.293 ; 5.293 ; 5.293 ;
; data_in[14] ; data3[1]    ; 5.310 ;       ;       ; 5.310 ;
; data_in[14] ; data3[2]    ; 5.011 ; 5.011 ; 5.011 ; 5.011 ;
; data_in[14] ; data3[3]    ; 5.133 ; 5.133 ; 5.133 ; 5.133 ;
; data_in[14] ; data3[4]    ; 5.159 ; 5.159 ; 5.159 ; 5.159 ;
; data_in[14] ; data3[5]    ; 4.998 ; 4.998 ; 4.998 ; 4.998 ;
; data_in[14] ; data3[6]    ; 4.988 ; 4.988 ; 4.988 ; 4.988 ;
; data_in[15] ; data3[0]    ; 5.267 ; 5.267 ; 5.267 ; 5.267 ;
; data_in[15] ; data3[1]    ; 5.294 ; 5.294 ; 5.294 ; 5.294 ;
; data_in[15] ; data3[2]    ; 4.988 ; 4.988 ; 4.988 ; 4.988 ;
; data_in[15] ; data3[3]    ; 5.116 ; 5.116 ; 5.116 ; 5.116 ;
; data_in[15] ; data3[4]    ;       ; 5.127 ; 5.127 ;       ;
; data_in[15] ; data3[5]    ; 4.964 ; 4.964 ; 4.964 ; 4.964 ;
; data_in[15] ; data3[6]    ; 4.969 ; 4.969 ; 4.969 ; 4.969 ;
; data_in[16] ; data4[0]    ; 5.150 ; 5.150 ; 5.150 ; 5.150 ;
; data_in[16] ; data4[1]    ; 5.149 ; 5.149 ; 5.149 ; 5.149 ;
; data_in[16] ; data4[2]    ;       ; 5.129 ; 5.129 ;       ;
; data_in[16] ; data4[3]    ; 5.008 ; 5.008 ; 5.008 ; 5.008 ;
; data_in[16] ; data4[4]    ; 5.008 ;       ;       ; 5.008 ;
; data_in[16] ; data4[5]    ; 5.153 ;       ;       ; 5.153 ;
; data_in[16] ; data4[6]    ; 5.142 ; 5.142 ; 5.142 ; 5.142 ;
; data_in[17] ; data4[0]    ; 5.134 ; 5.134 ; 5.134 ; 5.134 ;
; data_in[17] ; data4[1]    ; 5.137 ; 5.137 ; 5.137 ; 5.137 ;
; data_in[17] ; data4[2]    ; 5.124 ;       ;       ; 5.124 ;
; data_in[17] ; data4[3]    ; 4.990 ; 4.990 ; 4.990 ; 4.990 ;
; data_in[17] ; data4[4]    ;       ; 4.986 ; 4.986 ;       ;
; data_in[17] ; data4[5]    ; 5.132 ; 5.132 ; 5.132 ; 5.132 ;
; data_in[17] ; data4[6]    ; 5.123 ; 5.123 ; 5.123 ; 5.123 ;
; data_in[18] ; data4[0]    ; 5.425 ; 5.425 ; 5.425 ; 5.425 ;
; data_in[18] ; data4[1]    ; 5.423 ;       ;       ; 5.423 ;
; data_in[18] ; data4[2]    ; 5.405 ; 5.405 ; 5.405 ; 5.405 ;
; data_in[18] ; data4[3]    ; 5.282 ; 5.282 ; 5.282 ; 5.282 ;
; data_in[18] ; data4[4]    ; 5.282 ; 5.282 ; 5.282 ; 5.282 ;
; data_in[18] ; data4[5]    ; 5.427 ; 5.427 ; 5.427 ; 5.427 ;
; data_in[18] ; data4[6]    ; 5.416 ; 5.416 ; 5.416 ; 5.416 ;
; data_in[19] ; data4[0]    ; 5.205 ; 5.205 ; 5.205 ; 5.205 ;
; data_in[19] ; data4[1]    ; 5.208 ; 5.208 ; 5.208 ; 5.208 ;
; data_in[19] ; data4[2]    ; 5.191 ; 5.191 ; 5.191 ; 5.191 ;
; data_in[19] ; data4[3]    ; 5.063 ; 5.063 ; 5.063 ; 5.063 ;
; data_in[19] ; data4[4]    ;       ; 5.063 ; 5.063 ;       ;
; data_in[19] ; data4[5]    ; 5.208 ; 5.208 ; 5.208 ; 5.208 ;
; data_in[19] ; data4[6]    ; 5.197 ; 5.197 ; 5.197 ; 5.197 ;
; data_in[20] ; data5[0]    ; 5.067 ; 5.067 ; 5.067 ; 5.067 ;
; data_in[20] ; data5[1]    ; 5.003 ; 5.003 ; 5.003 ; 5.003 ;
; data_in[20] ; data5[2]    ;       ; 4.995 ; 4.995 ;       ;
; data_in[20] ; data5[3]    ; 5.122 ; 5.122 ; 5.122 ; 5.122 ;
; data_in[20] ; data5[4]    ; 5.079 ;       ;       ; 5.079 ;
; data_in[20] ; data5[5]    ; 5.138 ;       ;       ; 5.138 ;
; data_in[20] ; data5[6]    ; 5.273 ; 5.273 ; 5.273 ; 5.273 ;
; data_in[21] ; data5[0]    ; 5.020 ; 5.020 ; 5.020 ; 5.020 ;
; data_in[21] ; data5[1]    ; 4.956 ; 4.956 ; 4.956 ; 4.956 ;
; data_in[21] ; data5[2]    ; 4.946 ;       ;       ; 4.946 ;
; data_in[21] ; data5[3]    ; 5.080 ; 5.080 ; 5.080 ; 5.080 ;
; data_in[21] ; data5[4]    ;       ; 5.038 ; 5.038 ;       ;
; data_in[21] ; data5[5]    ; 5.091 ; 5.091 ; 5.091 ; 5.091 ;
; data_in[21] ; data5[6]    ; 5.231 ; 5.231 ; 5.231 ; 5.231 ;
; data_in[22] ; data5[0]    ; 5.070 ; 5.070 ; 5.070 ; 5.070 ;
; data_in[22] ; data5[1]    ; 5.007 ;       ;       ; 5.007 ;
; data_in[22] ; data5[2]    ; 4.996 ; 4.996 ; 4.996 ; 4.996 ;
; data_in[22] ; data5[3]    ; 5.128 ; 5.128 ; 5.128 ; 5.128 ;
; data_in[22] ; data5[4]    ; 5.086 ; 5.086 ; 5.086 ; 5.086 ;
; data_in[22] ; data5[5]    ; 5.139 ; 5.139 ; 5.139 ; 5.139 ;
; data_in[22] ; data5[6]    ; 5.279 ; 5.279 ; 5.279 ; 5.279 ;
; data_in[23] ; data5[0]    ; 5.247 ; 5.247 ; 5.247 ; 5.247 ;
; data_in[23] ; data5[1]    ; 5.184 ; 5.184 ; 5.184 ; 5.184 ;
; data_in[23] ; data5[2]    ; 5.180 ; 5.180 ; 5.180 ; 5.180 ;
; data_in[23] ; data5[3]    ; 5.300 ; 5.300 ; 5.300 ; 5.300 ;
; data_in[23] ; data5[4]    ;       ; 5.257 ; 5.257 ;       ;
; data_in[23] ; data5[5]    ; 5.311 ; 5.311 ; 5.311 ; 5.311 ;
; data_in[23] ; data5[6]    ; 5.450 ; 5.450 ; 5.450 ; 5.450 ;
; data_in[24] ; data6[0]    ; 5.132 ; 5.132 ; 5.132 ; 5.132 ;
; data_in[24] ; data6[1]    ; 5.210 ; 5.210 ; 5.210 ; 5.210 ;
; data_in[24] ; data6[2]    ;       ; 5.163 ; 5.163 ;       ;
; data_in[24] ; data6[3]    ; 5.165 ; 5.165 ; 5.165 ; 5.165 ;
; data_in[24] ; data6[4]    ; 5.216 ;       ;       ; 5.216 ;
; data_in[24] ; data6[5]    ; 5.078 ;       ;       ; 5.078 ;
; data_in[24] ; data6[6]    ; 5.219 ; 5.219 ; 5.219 ; 5.219 ;
; data_in[25] ; data6[0]    ; 4.970 ; 4.970 ; 4.970 ; 4.970 ;
; data_in[25] ; data6[1]    ; 5.045 ; 5.045 ; 5.045 ; 5.045 ;
; data_in[25] ; data6[2]    ; 4.995 ;       ;       ; 4.995 ;
; data_in[25] ; data6[3]    ; 4.996 ; 4.996 ; 4.996 ; 4.996 ;
; data_in[25] ; data6[4]    ;       ; 5.044 ; 5.044 ;       ;
; data_in[25] ; data6[5]    ; 4.910 ; 4.910 ; 4.910 ; 4.910 ;
; data_in[25] ; data6[6]    ; 5.054 ; 5.054 ; 5.054 ; 5.054 ;
; data_in[26] ; data6[0]    ; 5.078 ; 5.078 ; 5.078 ; 5.078 ;
; data_in[26] ; data6[1]    ; 5.151 ;       ;       ; 5.151 ;
; data_in[26] ; data6[2]    ; 5.090 ; 5.090 ; 5.090 ; 5.090 ;
; data_in[26] ; data6[3]    ; 5.096 ; 5.096 ; 5.096 ; 5.096 ;
; data_in[26] ; data6[4]    ; 5.142 ; 5.142 ; 5.142 ; 5.142 ;
; data_in[26] ; data6[5]    ; 5.005 ; 5.005 ; 5.005 ; 5.005 ;
; data_in[26] ; data6[6]    ; 5.156 ; 5.156 ; 5.156 ; 5.156 ;
; data_in[27] ; data6[0]    ; 5.100 ; 5.100 ; 5.100 ; 5.100 ;
; data_in[27] ; data6[1]    ; 5.165 ; 5.165 ; 5.165 ; 5.165 ;
; data_in[27] ; data6[2]    ; 5.109 ; 5.109 ; 5.109 ; 5.109 ;
; data_in[27] ; data6[3]    ; 5.111 ; 5.111 ; 5.111 ; 5.111 ;
; data_in[27] ; data6[4]    ;       ; 5.161 ; 5.161 ;       ;
; data_in[27] ; data6[5]    ; 5.024 ; 5.024 ; 5.024 ; 5.024 ;
; data_in[27] ; data6[6]    ; 5.175 ; 5.175 ; 5.175 ; 5.175 ;
; data_in[28] ; data7[0]    ; 5.181 ; 5.181 ; 5.181 ; 5.181 ;
; data_in[28] ; data7[1]    ; 5.221 ; 5.221 ; 5.221 ; 5.221 ;
; data_in[28] ; data7[2]    ;       ; 5.224 ; 5.224 ;       ;
; data_in[28] ; data7[3]    ; 5.077 ; 5.077 ; 5.077 ; 5.077 ;
; data_in[28] ; data7[4]    ; 5.199 ;       ;       ; 5.199 ;
; data_in[28] ; data7[5]    ; 5.346 ;       ;       ; 5.346 ;
; data_in[28] ; data7[6]    ; 5.083 ; 5.083 ; 5.083 ; 5.083 ;
; data_in[29] ; data7[0]    ; 5.234 ; 5.234 ; 5.234 ; 5.234 ;
; data_in[29] ; data7[1]    ; 5.273 ; 5.273 ; 5.273 ; 5.273 ;
; data_in[29] ; data7[2]    ; 5.280 ;       ;       ; 5.280 ;
; data_in[29] ; data7[3]    ; 5.131 ; 5.131 ; 5.131 ; 5.131 ;
; data_in[29] ; data7[4]    ;       ; 5.251 ; 5.251 ;       ;
; data_in[29] ; data7[5]    ; 5.399 ; 5.399 ; 5.399 ; 5.399 ;
; data_in[29] ; data7[6]    ; 5.133 ; 5.133 ; 5.133 ; 5.133 ;
; data_in[30] ; data7[0]    ; 5.168 ; 5.168 ; 5.168 ; 5.168 ;
; data_in[30] ; data7[1]    ; 5.214 ;       ;       ; 5.214 ;
; data_in[30] ; data7[2]    ; 5.220 ; 5.220 ; 5.220 ; 5.220 ;
; data_in[30] ; data7[3]    ; 5.063 ; 5.063 ; 5.063 ; 5.063 ;
; data_in[30] ; data7[4]    ; 5.193 ; 5.193 ; 5.193 ; 5.193 ;
; data_in[30] ; data7[5]    ; 5.334 ; 5.334 ; 5.334 ; 5.334 ;
; data_in[30] ; data7[6]    ; 5.078 ; 5.078 ; 5.078 ; 5.078 ;
; data_in[31] ; data7[0]    ; 5.155 ; 5.155 ; 5.155 ; 5.155 ;
; data_in[31] ; data7[1]    ; 5.197 ; 5.197 ; 5.197 ; 5.197 ;
; data_in[31] ; data7[2]    ; 5.203 ; 5.203 ; 5.203 ; 5.203 ;
; data_in[31] ; data7[3]    ; 5.051 ; 5.051 ; 5.051 ; 5.051 ;
; data_in[31] ; data7[4]    ;       ; 5.172 ; 5.172 ;       ;
; data_in[31] ; data7[5]    ; 5.320 ; 5.320 ; 5.320 ; 5.320 ;
; data_in[31] ; data7[6]    ; 5.055 ; 5.055 ; 5.055 ; 5.055 ;
+-------------+-------------+-------+-------+-------+-------+


+----------------------------------------------------------------------------+
; Multicorner Timing Analysis Summary                                        ;
+------------------+-------+------+----------+---------+---------------------+
; Clock            ; Setup ; Hold ; Recovery ; Removal ; Minimum Pulse Width ;
+------------------+-------+------+----------+---------+---------------------+
; Worst-case Slack ; N/A   ; N/A  ; N/A      ; N/A     ; N/A                 ;
; Design-wide TNS  ; 0.0   ; 0.0  ; 0.0      ; 0.0     ; 0.0                 ;
+------------------+-------+------+----------+---------+---------------------+


+---------------------------------------------------------------+
; Progagation Delay                                             ;
+-------------+-------------+--------+--------+--------+--------+
; Input Port  ; Output Port ; RR     ; RF     ; FR     ; FF     ;
+-------------+-------------+--------+--------+--------+--------+
; data_in[0]  ; data0[0]    ; 10.189 ; 10.189 ; 10.189 ; 10.189 ;
; data_in[0]  ; data0[1]    ; 9.987  ; 9.987  ; 9.987  ; 9.987  ;
; data_in[0]  ; data0[2]    ;        ; 9.949  ; 9.949  ;        ;
; data_in[0]  ; data0[3]    ; 9.759  ; 9.759  ; 9.759  ; 9.759  ;
; data_in[0]  ; data0[4]    ; 9.520  ;        ;        ; 9.520  ;
; data_in[0]  ; data0[5]    ; 9.498  ;        ;        ; 9.498  ;
; data_in[0]  ; data0[6]    ; 9.956  ; 9.956  ; 9.956  ; 9.956  ;
; data_in[1]  ; data0[0]    ; 10.114 ; 10.114 ; 10.114 ; 10.114 ;
; data_in[1]  ; data0[1]    ; 9.913  ; 9.913  ; 9.913  ; 9.913  ;
; data_in[1]  ; data0[2]    ; 9.899  ;        ;        ; 9.899  ;
; data_in[1]  ; data0[3]    ; 9.681  ; 9.681  ; 9.681  ; 9.681  ;
; data_in[1]  ; data0[4]    ;        ; 9.446  ; 9.446  ;        ;
; data_in[1]  ; data0[5]    ; 9.429  ; 9.429  ; 9.429  ; 9.429  ;
; data_in[1]  ; data0[6]    ; 9.885  ; 9.885  ; 9.885  ; 9.885  ;
; data_in[2]  ; data0[0]    ; 9.868  ; 9.868  ; 9.868  ; 9.868  ;
; data_in[2]  ; data0[1]    ; 9.680  ;        ;        ; 9.680  ;
; data_in[2]  ; data0[2]    ; 9.656  ; 9.656  ; 9.656  ; 9.656  ;
; data_in[2]  ; data0[3]    ; 9.454  ; 9.454  ; 9.454  ; 9.454  ;
; data_in[2]  ; data0[4]    ; 9.214  ; 9.214  ; 9.214  ; 9.214  ;
; data_in[2]  ; data0[5]    ; 9.197  ; 9.197  ; 9.197  ; 9.197  ;
; data_in[2]  ; data0[6]    ; 9.653  ; 9.653  ; 9.653  ; 9.653  ;
; data_in[3]  ; data0[0]    ; 9.947  ; 9.947  ; 9.947  ; 9.947  ;
; data_in[3]  ; data0[1]    ; 9.750  ; 9.750  ; 9.750  ; 9.750  ;
; data_in[3]  ; data0[2]    ; 9.736  ; 9.736  ; 9.736  ; 9.736  ;
; data_in[3]  ; data0[3]    ; 9.524  ; 9.524  ; 9.524  ; 9.524  ;
; data_in[3]  ; data0[4]    ;        ; 9.283  ; 9.283  ;        ;
; data_in[3]  ; data0[5]    ; 9.265  ; 9.265  ; 9.265  ; 9.265  ;
; data_in[3]  ; data0[6]    ; 9.722  ; 9.722  ; 9.722  ; 9.722  ;
; data_in[4]  ; data1[0]    ; 10.538 ; 10.538 ; 10.538 ; 10.538 ;
; data_in[4]  ; data1[1]    ; 9.750  ; 9.750  ; 9.750  ; 9.750  ;
; data_in[4]  ; data1[2]    ;        ; 9.471  ; 9.471  ;        ;
; data_in[4]  ; data1[3]    ; 9.751  ; 9.751  ; 9.751  ; 9.751  ;
; data_in[4]  ; data1[4]    ; 9.484  ;        ;        ; 9.484  ;
; data_in[4]  ; data1[5]    ; 9.956  ;        ;        ; 9.956  ;
; data_in[4]  ; data1[6]    ; 9.705  ; 9.705  ; 9.705  ; 9.705  ;
; data_in[5]  ; data1[0]    ; 10.236 ; 10.236 ; 10.236 ; 10.236 ;
; data_in[5]  ; data1[1]    ; 9.447  ; 9.447  ; 9.447  ; 9.447  ;
; data_in[5]  ; data1[2]    ; 9.197  ;        ;        ; 9.197  ;
; data_in[5]  ; data1[3]    ; 9.449  ; 9.449  ; 9.449  ; 9.449  ;
; data_in[5]  ; data1[4]    ;        ; 9.182  ; 9.182  ;        ;
; data_in[5]  ; data1[5]    ; 9.654  ; 9.654  ; 9.654  ; 9.654  ;
; data_in[5]  ; data1[6]    ; 9.403  ; 9.403  ; 9.403  ; 9.403  ;
; data_in[6]  ; data1[0]    ; 10.374 ; 10.374 ; 10.374 ; 10.374 ;
; data_in[6]  ; data1[1]    ; 9.586  ;        ;        ; 9.586  ;
; data_in[6]  ; data1[2]    ; 9.335  ; 9.335  ; 9.335  ; 9.335  ;
; data_in[6]  ; data1[3]    ; 9.588  ; 9.588  ; 9.588  ; 9.588  ;
; data_in[6]  ; data1[4]    ; 9.320  ; 9.320  ; 9.320  ; 9.320  ;
; data_in[6]  ; data1[5]    ; 9.796  ; 9.796  ; 9.796  ; 9.796  ;
; data_in[6]  ; data1[6]    ; 9.541  ; 9.541  ; 9.541  ; 9.541  ;
; data_in[7]  ; data1[0]    ; 10.497 ; 10.497 ; 10.497 ; 10.497 ;
; data_in[7]  ; data1[1]    ; 9.696  ; 9.696  ; 9.696  ; 9.696  ;
; data_in[7]  ; data1[2]    ; 9.451  ; 9.451  ; 9.451  ; 9.451  ;
; data_in[7]  ; data1[3]    ; 9.676  ; 9.676  ; 9.676  ; 9.676  ;
; data_in[7]  ; data1[4]    ;        ; 9.436  ; 9.436  ;        ;
; data_in[7]  ; data1[5]    ; 9.920  ; 9.920  ; 9.920  ; 9.920  ;
; data_in[7]  ; data1[6]    ; 9.657  ; 9.657  ; 9.657  ; 9.657  ;
; data_in[8]  ; data2[0]    ; 9.717  ; 9.717  ; 9.717  ; 9.717  ;
; data_in[8]  ; data2[1]    ; 9.504  ; 9.504  ; 9.504  ; 9.504  ;
; data_in[8]  ; data2[2]    ;        ; 9.489  ; 9.489  ;        ;
; data_in[8]  ; data2[3]    ; 9.744  ; 9.744  ; 9.744  ; 9.744  ;
; data_in[8]  ; data2[4]    ; 11.596 ;        ;        ; 11.596 ;
; data_in[8]  ; data2[5]    ; 13.457 ;        ;        ; 13.457 ;
; data_in[8]  ; data2[6]    ; 13.875 ; 13.875 ; 13.875 ; 13.875 ;
; data_in[9]  ; data2[0]    ; 9.770  ; 9.770  ; 9.770  ; 9.770  ;
; data_in[9]  ; data2[1]    ; 9.602  ; 9.602  ; 9.602  ; 9.602  ;
; data_in[9]  ; data2[2]    ; 9.616  ;        ;        ; 9.616  ;
; data_in[9]  ; data2[3]    ; 9.848  ; 9.848  ; 9.848  ; 9.848  ;
; data_in[9]  ; data2[4]    ;        ; 11.685 ; 11.685 ;        ;
; data_in[9]  ; data2[5]    ; 13.542 ; 13.542 ; 13.542 ; 13.542 ;
; data_in[9]  ; data2[6]    ; 13.978 ; 13.978 ; 13.978 ; 13.978 ;
; data_in[10] ; data2[0]    ; 9.569  ; 9.569  ; 9.569  ; 9.569  ;
; data_in[10] ; data2[1]    ; 9.357  ;        ;        ; 9.357  ;
; data_in[10] ; data2[2]    ; 9.371  ; 9.371  ; 9.371  ; 9.371  ;
; data_in[10] ; data2[3]    ; 9.604  ; 9.604  ; 9.604  ; 9.604  ;
; data_in[10] ; data2[4]    ; 11.445 ; 11.445 ; 11.445 ; 11.445 ;
; data_in[10] ; data2[5]    ; 13.305 ; 13.305 ; 13.305 ; 13.305 ;
; data_in[10] ; data2[6]    ; 13.733 ; 13.733 ; 13.733 ; 13.733 ;
; data_in[11] ; data2[0]    ; 9.446  ; 9.446  ; 9.446  ; 9.446  ;
; data_in[11] ; data2[1]    ; 9.235  ; 9.235  ; 9.235  ; 9.235  ;
; data_in[11] ; data2[2]    ; 9.241  ; 9.241  ; 9.241  ; 9.241  ;
; data_in[11] ; data2[3]    ; 9.469  ; 9.469  ; 9.469  ; 9.469  ;
; data_in[11] ; data2[4]    ;        ; 11.321 ; 11.321 ;        ;
; data_in[11] ; data2[5]    ; 13.182 ; 13.182 ; 13.182 ; 13.182 ;
; data_in[11] ; data2[6]    ; 13.597 ; 13.597 ; 13.597 ; 13.597 ;
; data_in[12] ; data3[0]    ; 9.784  ; 9.784  ; 9.784  ; 9.784  ;
; data_in[12] ; data3[1]    ; 9.810  ; 9.810  ; 9.810  ; 9.810  ;
; data_in[12] ; data3[2]    ;        ; 9.151  ; 9.151  ;        ;
; data_in[12] ; data3[3]    ; 9.474  ; 9.474  ; 9.474  ; 9.474  ;
; data_in[12] ; data3[4]    ; 9.490  ;        ;        ; 9.490  ;
; data_in[12] ; data3[5]    ; 9.167  ;        ;        ; 9.167  ;
; data_in[12] ; data3[6]    ; 9.159  ; 9.159  ; 9.159  ; 9.159  ;
; data_in[13] ; data3[0]    ; 9.543  ; 9.543  ; 9.543  ; 9.543  ;
; data_in[13] ; data3[1]    ; 9.569  ; 9.569  ; 9.569  ; 9.569  ;
; data_in[13] ; data3[2]    ; 8.937  ;        ;        ; 8.937  ;
; data_in[13] ; data3[3]    ; 9.232  ; 9.232  ; 9.232  ; 9.232  ;
; data_in[13] ; data3[4]    ;        ; 9.248  ; 9.248  ;        ;
; data_in[13] ; data3[5]    ; 8.924  ; 8.924  ; 8.924  ; 8.924  ;
; data_in[13] ; data3[6]    ; 8.917  ; 8.917  ; 8.917  ; 8.917  ;
; data_in[14] ; data3[0]    ; 9.547  ; 9.547  ; 9.547  ; 9.547  ;
; data_in[14] ; data3[1]    ; 9.569  ;        ;        ; 9.569  ;
; data_in[14] ; data3[2]    ; 8.942  ; 8.942  ; 8.942  ; 8.942  ;
; data_in[14] ; data3[3]    ; 9.235  ; 9.235  ; 9.235  ; 9.235  ;
; data_in[14] ; data3[4]    ; 9.253  ; 9.253  ; 9.253  ; 9.253  ;
; data_in[14] ; data3[5]    ; 8.930  ; 8.930  ; 8.930  ; 8.930  ;
; data_in[14] ; data3[6]    ; 8.919  ; 8.919  ; 8.919  ; 8.919  ;
; data_in[15] ; data3[0]    ; 9.465  ; 9.465  ; 9.465  ; 9.465  ;
; data_in[15] ; data3[1]    ; 9.496  ; 9.496  ; 9.496  ; 9.496  ;
; data_in[15] ; data3[2]    ; 8.863  ; 8.863  ; 8.863  ; 8.863  ;
; data_in[15] ; data3[3]    ; 9.137  ; 9.137  ; 9.137  ; 9.137  ;
; data_in[15] ; data3[4]    ;        ; 9.170  ; 9.170  ;        ;
; data_in[15] ; data3[5]    ; 8.845  ; 8.845  ; 8.845  ; 8.845  ;
; data_in[15] ; data3[6]    ; 8.850  ; 8.850  ; 8.850  ; 8.850  ;
; data_in[16] ; data4[0]    ; 9.156  ; 9.156  ; 9.156  ; 9.156  ;
; data_in[16] ; data4[1]    ; 9.155  ; 9.155  ; 9.155  ; 9.155  ;
; data_in[16] ; data4[2]    ;        ; 9.131  ; 9.131  ;        ;
; data_in[16] ; data4[3]    ; 8.866  ; 8.866  ; 8.866  ; 8.866  ;
; data_in[16] ; data4[4]    ; 8.861  ;        ;        ; 8.861  ;
; data_in[16] ; data4[5]    ; 9.163  ;        ;        ; 9.163  ;
; data_in[16] ; data4[6]    ; 9.154  ; 9.154  ; 9.154  ; 9.154  ;
; data_in[17] ; data4[0]    ; 9.172  ; 9.172  ; 9.172  ; 9.172  ;
; data_in[17] ; data4[1]    ; 9.199  ; 9.199  ; 9.199  ; 9.199  ;
; data_in[17] ; data4[2]    ; 9.176  ;        ;        ; 9.176  ;
; data_in[17] ; data4[3]    ; 8.905  ; 8.905  ; 8.905  ; 8.905  ;
; data_in[17] ; data4[4]    ;        ; 8.866  ; 8.866  ;        ;
; data_in[17] ; data4[5]    ; 9.198  ; 9.198  ; 9.198  ; 9.198  ;
; data_in[17] ; data4[6]    ; 9.193  ; 9.193  ; 9.193  ; 9.193  ;
; data_in[18] ; data4[0]    ; 9.696  ; 9.696  ; 9.696  ; 9.696  ;
; data_in[18] ; data4[1]    ; 9.694  ;        ;        ; 9.694  ;
; data_in[18] ; data4[2]    ; 9.670  ; 9.670  ; 9.670  ; 9.670  ;
; data_in[18] ; data4[3]    ; 9.406  ; 9.406  ; 9.406  ; 9.406  ;
; data_in[18] ; data4[4]    ; 9.402  ; 9.402  ; 9.402  ; 9.402  ;
; data_in[18] ; data4[5]    ; 9.677  ; 9.677  ; 9.677  ; 9.677  ;
; data_in[18] ; data4[6]    ; 9.699  ; 9.699  ; 9.699  ; 9.699  ;
; data_in[19] ; data4[0]    ; 9.314  ; 9.314  ; 9.314  ; 9.314  ;
; data_in[19] ; data4[1]    ; 9.315  ; 9.315  ; 9.315  ; 9.315  ;
; data_in[19] ; data4[2]    ; 9.291  ; 9.291  ; 9.291  ; 9.291  ;
; data_in[19] ; data4[3]    ; 9.024  ; 9.024  ; 9.024  ; 9.024  ;
; data_in[19] ; data4[4]    ;        ; 9.020  ; 9.020  ;        ;
; data_in[19] ; data4[5]    ; 9.321  ; 9.321  ; 9.321  ; 9.321  ;
; data_in[19] ; data4[6]    ; 9.309  ; 9.309  ; 9.309  ; 9.309  ;
; data_in[20] ; data5[0]    ; 9.044  ; 9.044  ; 9.044  ; 9.044  ;
; data_in[20] ; data5[1]    ; 8.889  ; 8.889  ; 8.889  ; 8.889  ;
; data_in[20] ; data5[2]    ;        ; 8.850  ; 8.850  ;        ;
; data_in[20] ; data5[3]    ; 9.166  ; 9.166  ; 9.166  ; 9.166  ;
; data_in[20] ; data5[4]    ; 9.058  ;        ;        ; 9.058  ;
; data_in[20] ; data5[5]    ; 9.179  ;        ;        ; 9.179  ;
; data_in[20] ; data5[6]    ; 9.487  ; 9.487  ; 9.487  ; 9.487  ;
; data_in[21] ; data5[0]    ; 8.918  ; 8.918  ; 8.918  ; 8.918  ;
; data_in[21] ; data5[1]    ; 8.764  ; 8.764  ; 8.764  ; 8.764  ;
; data_in[21] ; data5[2]    ; 8.751  ;        ;        ; 8.751  ;
; data_in[21] ; data5[3]    ; 9.048  ; 9.048  ; 9.048  ; 9.048  ;
; data_in[21] ; data5[4]    ;        ; 8.937  ; 8.937  ;        ;
; data_in[21] ; data5[5]    ; 9.061  ; 9.061  ; 9.061  ; 9.061  ;
; data_in[21] ; data5[6]    ; 9.365  ; 9.365  ; 9.365  ; 9.365  ;
; data_in[22] ; data5[0]    ; 9.046  ; 9.046  ; 9.046  ; 9.046  ;
; data_in[22] ; data5[1]    ; 8.892  ;        ;        ; 8.892  ;
; data_in[22] ; data5[2]    ; 8.878  ; 8.878  ; 8.878  ; 8.878  ;
; data_in[22] ; data5[3]    ; 9.172  ; 9.172  ; 9.172  ; 9.172  ;
; data_in[22] ; data5[4]    ; 9.061  ; 9.061  ; 9.061  ; 9.061  ;
; data_in[22] ; data5[5]    ; 9.184  ; 9.184  ; 9.184  ; 9.184  ;
; data_in[22] ; data5[6]    ; 9.489  ; 9.489  ; 9.489  ; 9.489  ;
; data_in[23] ; data5[0]    ; 9.374  ; 9.374  ; 9.374  ; 9.374  ;
; data_in[23] ; data5[1]    ; 9.220  ; 9.220  ; 9.220  ; 9.220  ;
; data_in[23] ; data5[2]    ; 9.183  ; 9.183  ; 9.183  ; 9.183  ;
; data_in[23] ; data5[3]    ; 9.497  ; 9.497  ; 9.497  ; 9.497  ;
; data_in[23] ; data5[4]    ;        ; 9.383  ; 9.383  ;        ;
; data_in[23] ; data5[5]    ; 9.478  ; 9.478  ; 9.478  ; 9.478  ;
; data_in[23] ; data5[6]    ; 9.814  ; 9.814  ; 9.814  ; 9.814  ;
; data_in[24] ; data6[0]    ; 9.154  ; 9.154  ; 9.154  ; 9.154  ;
; data_in[24] ; data6[1]    ; 9.303  ; 9.303  ; 9.303  ; 9.303  ;
; data_in[24] ; data6[2]    ;        ; 9.230  ; 9.230  ;        ;
; data_in[24] ; data6[3]    ; 9.233  ; 9.233  ; 9.233  ; 9.233  ;
; data_in[24] ; data6[4]    ; 9.303  ;        ;        ; 9.303  ;
; data_in[24] ; data6[5]    ; 9.010  ;        ;        ; 9.010  ;
; data_in[24] ; data6[6]    ; 9.312  ; 9.312  ; 9.312  ; 9.312  ;
; data_in[25] ; data6[0]    ; 8.785  ; 8.785  ; 8.785  ; 8.785  ;
; data_in[25] ; data6[1]    ; 8.928  ; 8.928  ; 8.928  ; 8.928  ;
; data_in[25] ; data6[2]    ; 8.856  ;        ;        ; 8.856  ;
; data_in[25] ; data6[3]    ; 8.860  ; 8.860  ; 8.860  ; 8.860  ;
; data_in[25] ; data6[4]    ;        ; 8.930  ; 8.930  ;        ;
; data_in[25] ; data6[5]    ; 8.637  ; 8.637  ; 8.637  ; 8.637  ;
; data_in[25] ; data6[6]    ; 8.936  ; 8.936  ; 8.936  ; 8.936  ;
; data_in[26] ; data6[0]    ; 9.047  ; 9.047  ; 9.047  ; 9.047  ;
; data_in[26] ; data6[1]    ; 9.190  ;        ;        ; 9.190  ;
; data_in[26] ; data6[2]    ; 9.105  ; 9.105  ; 9.105  ; 9.105  ;
; data_in[26] ; data6[3]    ; 9.106  ; 9.106  ; 9.106  ; 9.106  ;
; data_in[26] ; data6[4]    ; 9.178  ; 9.178  ; 9.178  ; 9.178  ;
; data_in[26] ; data6[5]    ; 8.885  ; 8.885  ; 8.885  ; 8.885  ;
; data_in[26] ; data6[6]    ; 9.197  ; 9.197  ; 9.197  ; 9.197  ;
; data_in[27] ; data6[0]    ; 9.093  ; 9.093  ; 9.093  ; 9.093  ;
; data_in[27] ; data6[1]    ; 9.235  ; 9.235  ; 9.235  ; 9.235  ;
; data_in[27] ; data6[2]    ; 9.151  ; 9.151  ; 9.151  ; 9.151  ;
; data_in[27] ; data6[3]    ; 9.129  ; 9.129  ; 9.129  ; 9.129  ;
; data_in[27] ; data6[4]    ;        ; 9.227  ; 9.227  ;        ;
; data_in[27] ; data6[5]    ; 8.933  ; 8.933  ; 8.933  ; 8.933  ;
; data_in[27] ; data6[6]    ; 9.245  ; 9.245  ; 9.245  ; 9.245  ;
; data_in[28] ; data7[0]    ; 9.221  ; 9.221  ; 9.221  ; 9.221  ;
; data_in[28] ; data7[1]    ; 9.270  ; 9.270  ; 9.270  ; 9.270  ;
; data_in[28] ; data7[2]    ;        ; 9.270  ; 9.270  ;        ;
; data_in[28] ; data7[3]    ; 8.964  ; 8.964  ; 8.964  ; 8.964  ;
; data_in[28] ; data7[4]    ; 9.242  ;        ;        ; 9.242  ;
; data_in[28] ; data7[5]    ; 9.552  ;        ;        ; 9.552  ;
; data_in[28] ; data7[6]    ; 8.967  ; 8.967  ; 8.967  ; 8.967  ;
; data_in[29] ; data7[0]    ; 9.349  ; 9.349  ; 9.349  ; 9.349  ;
; data_in[29] ; data7[1]    ; 9.395  ; 9.395  ; 9.395  ; 9.395  ;
; data_in[29] ; data7[2]    ; 9.398  ;        ;        ; 9.398  ;
; data_in[29] ; data7[3]    ; 9.089  ; 9.089  ; 9.089  ; 9.089  ;
; data_in[29] ; data7[4]    ;        ; 9.366  ; 9.366  ;        ;
; data_in[29] ; data7[5]    ; 9.680  ; 9.680  ; 9.680  ; 9.680  ;
; data_in[29] ; data7[6]    ; 9.090  ; 9.090  ; 9.090  ; 9.090  ;
; data_in[30] ; data7[0]    ; 9.232  ; 9.232  ; 9.232  ; 9.232  ;
; data_in[30] ; data7[1]    ; 9.287  ;        ;        ; 9.287  ;
; data_in[30] ; data7[2]    ; 9.283  ; 9.283  ; 9.283  ; 9.283  ;
; data_in[30] ; data7[3]    ; 8.973  ; 8.973  ; 8.973  ; 8.973  ;
; data_in[30] ; data7[4]    ; 9.260  ; 9.260  ; 9.260  ; 9.260  ;
; data_in[30] ; data7[5]    ; 9.538  ; 9.538  ; 9.538  ; 9.538  ;
; data_in[30] ; data7[6]    ; 8.985  ; 8.985  ; 8.985  ; 8.985  ;
; data_in[31] ; data7[0]    ; 9.169  ; 9.169  ; 9.169  ; 9.169  ;
; data_in[31] ; data7[1]    ; 9.245  ; 9.245  ; 9.245  ; 9.245  ;
; data_in[31] ; data7[2]    ; 9.248  ; 9.248  ; 9.248  ; 9.248  ;
; data_in[31] ; data7[3]    ; 8.935  ; 8.935  ; 8.935  ; 8.935  ;
; data_in[31] ; data7[4]    ;        ; 9.180  ; 9.180  ;        ;
; data_in[31] ; data7[5]    ; 9.499  ; 9.499  ; 9.499  ; 9.499  ;
; data_in[31] ; data7[6]    ; 8.939  ; 8.939  ; 8.939  ; 8.939  ;
+-------------+-------------+--------+--------+--------+--------+


+-----------------------------------------------------------+
; Minimum Progagation Delay                                 ;
+-------------+-------------+-------+-------+-------+-------+
; Input Port  ; Output Port ; RR    ; RF    ; FR    ; FF    ;
+-------------+-------------+-------+-------+-------+-------+
; data_in[0]  ; data0[0]    ; 5.636 ; 5.636 ; 5.636 ; 5.636 ;
; data_in[0]  ; data0[1]    ; 5.526 ; 5.526 ; 5.526 ; 5.526 ;
; data_in[0]  ; data0[2]    ;       ; 5.519 ; 5.519 ;       ;
; data_in[0]  ; data0[3]    ; 5.419 ; 5.419 ; 5.419 ; 5.419 ;
; data_in[0]  ; data0[4]    ; 5.311 ;       ;       ; 5.311 ;
; data_in[0]  ; data0[5]    ; 5.294 ;       ;       ; 5.294 ;
; data_in[0]  ; data0[6]    ; 5.498 ; 5.498 ; 5.498 ; 5.498 ;
; data_in[1]  ; data0[0]    ; 5.583 ; 5.583 ; 5.583 ; 5.583 ;
; data_in[1]  ; data0[1]    ; 5.474 ; 5.474 ; 5.474 ; 5.474 ;
; data_in[1]  ; data0[2]    ; 5.466 ;       ;       ; 5.466 ;
; data_in[1]  ; data0[3]    ; 5.367 ; 5.367 ; 5.367 ; 5.367 ;
; data_in[1]  ; data0[4]    ;       ; 5.259 ; 5.259 ;       ;
; data_in[1]  ; data0[5]    ; 5.241 ; 5.241 ; 5.241 ; 5.241 ;
; data_in[1]  ; data0[6]    ; 5.447 ; 5.447 ; 5.447 ; 5.447 ;
; data_in[2]  ; data0[0]    ; 5.498 ; 5.498 ; 5.498 ; 5.498 ;
; data_in[2]  ; data0[1]    ; 5.400 ;       ;       ; 5.400 ;
; data_in[2]  ; data0[2]    ; 5.383 ; 5.383 ; 5.383 ; 5.383 ;
; data_in[2]  ; data0[3]    ; 5.296 ; 5.296 ; 5.296 ; 5.296 ;
; data_in[2]  ; data0[4]    ; 5.186 ; 5.186 ; 5.186 ; 5.186 ;
; data_in[2]  ; data0[5]    ; 5.167 ; 5.167 ; 5.167 ; 5.167 ;
; data_in[2]  ; data0[6]    ; 5.376 ; 5.376 ; 5.376 ; 5.376 ;
; data_in[3]  ; data0[0]    ; 5.521 ; 5.521 ; 5.521 ; 5.521 ;
; data_in[3]  ; data0[1]    ; 5.412 ; 5.412 ; 5.412 ; 5.412 ;
; data_in[3]  ; data0[2]    ; 5.407 ; 5.407 ; 5.407 ; 5.407 ;
; data_in[3]  ; data0[3]    ; 5.308 ; 5.308 ; 5.308 ; 5.308 ;
; data_in[3]  ; data0[4]    ;       ; 5.198 ; 5.198 ;       ;
; data_in[3]  ; data0[5]    ; 5.180 ; 5.180 ; 5.180 ; 5.180 ;
; data_in[3]  ; data0[6]    ; 5.388 ; 5.388 ; 5.388 ; 5.388 ;
; data_in[4]  ; data1[0]    ; 5.793 ; 5.793 ; 5.793 ; 5.793 ;
; data_in[4]  ; data1[1]    ; 5.406 ; 5.406 ; 5.406 ; 5.406 ;
; data_in[4]  ; data1[2]    ;       ; 5.289 ; 5.289 ;       ;
; data_in[4]  ; data1[3]    ; 5.411 ; 5.411 ; 5.411 ; 5.411 ;
; data_in[4]  ; data1[4]    ; 5.280 ;       ;       ; 5.280 ;
; data_in[4]  ; data1[5]    ; 5.490 ;       ;       ; 5.490 ;
; data_in[4]  ; data1[6]    ; 5.371 ; 5.371 ; 5.371 ; 5.371 ;
; data_in[5]  ; data1[0]    ; 5.668 ; 5.668 ; 5.668 ; 5.668 ;
; data_in[5]  ; data1[1]    ; 5.288 ; 5.288 ; 5.288 ; 5.288 ;
; data_in[5]  ; data1[2]    ; 5.171 ;       ;       ; 5.171 ;
; data_in[5]  ; data1[3]    ; 5.294 ; 5.294 ; 5.294 ; 5.294 ;
; data_in[5]  ; data1[4]    ;       ; 5.156 ; 5.156 ;       ;
; data_in[5]  ; data1[5]    ; 5.372 ; 5.372 ; 5.372 ; 5.372 ;
; data_in[5]  ; data1[6]    ; 5.254 ; 5.254 ; 5.254 ; 5.254 ;
; data_in[6]  ; data1[0]    ; 5.723 ; 5.723 ; 5.723 ; 5.723 ;
; data_in[6]  ; data1[1]    ; 5.344 ;       ;       ; 5.344 ;
; data_in[6]  ; data1[2]    ; 5.226 ; 5.226 ; 5.226 ; 5.226 ;
; data_in[6]  ; data1[3]    ; 5.349 ; 5.349 ; 5.349 ; 5.349 ;
; data_in[6]  ; data1[4]    ; 5.212 ; 5.212 ; 5.212 ; 5.212 ;
; data_in[6]  ; data1[5]    ; 5.433 ; 5.433 ; 5.433 ; 5.433 ;
; data_in[6]  ; data1[6]    ; 5.310 ; 5.310 ; 5.310 ; 5.310 ;
; data_in[7]  ; data1[0]    ; 5.773 ; 5.773 ; 5.773 ; 5.773 ;
; data_in[7]  ; data1[1]    ; 5.380 ; 5.380 ; 5.380 ; 5.380 ;
; data_in[7]  ; data1[2]    ; 5.268 ; 5.268 ; 5.268 ; 5.268 ;
; data_in[7]  ; data1[3]    ; 5.388 ; 5.388 ; 5.388 ; 5.388 ;
; data_in[7]  ; data1[4]    ;       ; 5.250 ; 5.250 ;       ;
; data_in[7]  ; data1[5]    ; 5.477 ; 5.477 ; 5.477 ; 5.477 ;
; data_in[7]  ; data1[6]    ; 5.345 ; 5.345 ; 5.345 ; 5.345 ;
; data_in[8]  ; data2[0]    ; 5.415 ; 5.415 ; 5.415 ; 5.415 ;
; data_in[8]  ; data2[1]    ; 5.322 ; 5.322 ; 5.322 ; 5.322 ;
; data_in[8]  ; data2[2]    ;       ; 5.329 ; 5.329 ;       ;
; data_in[8]  ; data2[3]    ; 5.436 ; 5.436 ; 5.436 ; 5.436 ;
; data_in[8]  ; data2[4]    ; 6.378 ;       ;       ; 6.378 ;
; data_in[8]  ; data2[5]    ; 7.138 ;       ;       ; 7.138 ;
; data_in[8]  ; data2[6]    ; 7.277 ; 7.277 ; 7.277 ; 7.277 ;
; data_in[9]  ; data2[0]    ; 5.451 ; 5.451 ; 5.451 ; 5.451 ;
; data_in[9]  ; data2[1]    ; 5.371 ; 5.371 ; 5.371 ; 5.371 ;
; data_in[9]  ; data2[2]    ; 5.384 ;       ;       ; 5.384 ;
; data_in[9]  ; data2[3]    ; 5.501 ; 5.501 ; 5.501 ; 5.501 ;
; data_in[9]  ; data2[4]    ;       ; 6.419 ; 6.419 ;       ;
; data_in[9]  ; data2[5]    ; 7.177 ; 7.177 ; 7.177 ; 7.177 ;
; data_in[9]  ; data2[6]    ; 7.338 ; 7.338 ; 7.338 ; 7.338 ;
; data_in[10] ; data2[0]    ; 5.322 ; 5.322 ; 5.322 ; 5.322 ;
; data_in[10] ; data2[1]    ; 5.231 ;       ;       ; 5.231 ;
; data_in[10] ; data2[2]    ; 5.248 ; 5.248 ; 5.248 ; 5.248 ;
; data_in[10] ; data2[3]    ; 5.355 ; 5.355 ; 5.355 ; 5.355 ;
; data_in[10] ; data2[4]    ; 6.284 ; 6.284 ; 6.284 ; 6.284 ;
; data_in[10] ; data2[5]    ; 7.048 ; 7.048 ; 7.048 ; 7.048 ;
; data_in[10] ; data2[6]    ; 7.199 ; 7.199 ; 7.199 ; 7.199 ;
; data_in[11] ; data2[0]    ; 5.290 ; 5.290 ; 5.290 ; 5.290 ;
; data_in[11] ; data2[1]    ; 5.201 ; 5.201 ; 5.201 ; 5.201 ;
; data_in[11] ; data2[2]    ; 5.206 ; 5.206 ; 5.206 ; 5.206 ;
; data_in[11] ; data2[3]    ; 5.311 ; 5.311 ; 5.311 ; 5.311 ;
; data_in[11] ; data2[4]    ;       ; 6.251 ; 6.251 ;       ;
; data_in[11] ; data2[5]    ; 7.012 ; 7.012 ; 7.012 ; 7.012 ;
; data_in[11] ; data2[6]    ; 7.154 ; 7.154 ; 7.154 ; 7.154 ;
; data_in[12] ; data3[0]    ; 5.412 ; 5.412 ; 5.412 ; 5.412 ;
; data_in[12] ; data3[1]    ; 5.429 ; 5.429 ; 5.429 ; 5.429 ;
; data_in[12] ; data3[2]    ;       ; 5.126 ; 5.126 ;       ;
; data_in[12] ; data3[3]    ; 5.248 ; 5.248 ; 5.248 ; 5.248 ;
; data_in[12] ; data3[4]    ; 5.277 ;       ;       ; 5.277 ;
; data_in[12] ; data3[5]    ; 5.110 ;       ;       ; 5.110 ;
; data_in[12] ; data3[6]    ; 5.104 ; 5.104 ; 5.104 ; 5.104 ;
; data_in[13] ; data3[0]    ; 5.334 ; 5.334 ; 5.334 ; 5.334 ;
; data_in[13] ; data3[1]    ; 5.359 ; 5.359 ; 5.359 ; 5.359 ;
; data_in[13] ; data3[2]    ; 5.056 ;       ;       ; 5.056 ;
; data_in[13] ; data3[3]    ; 5.177 ; 5.177 ; 5.177 ; 5.177 ;
; data_in[13] ; data3[4]    ;       ; 5.199 ; 5.199 ;       ;
; data_in[13] ; data3[5]    ; 5.039 ; 5.039 ; 5.039 ; 5.039 ;
; data_in[13] ; data3[6]    ; 5.034 ; 5.034 ; 5.034 ; 5.034 ;
; data_in[14] ; data3[0]    ; 5.293 ; 5.293 ; 5.293 ; 5.293 ;
; data_in[14] ; data3[1]    ; 5.310 ;       ;       ; 5.310 ;
; data_in[14] ; data3[2]    ; 5.011 ; 5.011 ; 5.011 ; 5.011 ;
; data_in[14] ; data3[3]    ; 5.133 ; 5.133 ; 5.133 ; 5.133 ;
; data_in[14] ; data3[4]    ; 5.159 ; 5.159 ; 5.159 ; 5.159 ;
; data_in[14] ; data3[5]    ; 4.998 ; 4.998 ; 4.998 ; 4.998 ;
; data_in[14] ; data3[6]    ; 4.988 ; 4.988 ; 4.988 ; 4.988 ;
; data_in[15] ; data3[0]    ; 5.267 ; 5.267 ; 5.267 ; 5.267 ;
; data_in[15] ; data3[1]    ; 5.294 ; 5.294 ; 5.294 ; 5.294 ;
; data_in[15] ; data3[2]    ; 4.988 ; 4.988 ; 4.988 ; 4.988 ;
; data_in[15] ; data3[3]    ; 5.116 ; 5.116 ; 5.116 ; 5.116 ;
; data_in[15] ; data3[4]    ;       ; 5.127 ; 5.127 ;       ;
; data_in[15] ; data3[5]    ; 4.964 ; 4.964 ; 4.964 ; 4.964 ;
; data_in[15] ; data3[6]    ; 4.969 ; 4.969 ; 4.969 ; 4.969 ;
; data_in[16] ; data4[0]    ; 5.150 ; 5.150 ; 5.150 ; 5.150 ;
; data_in[16] ; data4[1]    ; 5.149 ; 5.149 ; 5.149 ; 5.149 ;
; data_in[16] ; data4[2]    ;       ; 5.129 ; 5.129 ;       ;
; data_in[16] ; data4[3]    ; 5.008 ; 5.008 ; 5.008 ; 5.008 ;
; data_in[16] ; data4[4]    ; 5.008 ;       ;       ; 5.008 ;
; data_in[16] ; data4[5]    ; 5.153 ;       ;       ; 5.153 ;
; data_in[16] ; data4[6]    ; 5.142 ; 5.142 ; 5.142 ; 5.142 ;
; data_in[17] ; data4[0]    ; 5.134 ; 5.134 ; 5.134 ; 5.134 ;
; data_in[17] ; data4[1]    ; 5.137 ; 5.137 ; 5.137 ; 5.137 ;
; data_in[17] ; data4[2]    ; 5.124 ;       ;       ; 5.124 ;
; data_in[17] ; data4[3]    ; 4.990 ; 4.990 ; 4.990 ; 4.990 ;
; data_in[17] ; data4[4]    ;       ; 4.986 ; 4.986 ;       ;
; data_in[17] ; data4[5]    ; 5.132 ; 5.132 ; 5.132 ; 5.132 ;
; data_in[17] ; data4[6]    ; 5.123 ; 5.123 ; 5.123 ; 5.123 ;
; data_in[18] ; data4[0]    ; 5.425 ; 5.425 ; 5.425 ; 5.425 ;
; data_in[18] ; data4[1]    ; 5.423 ;       ;       ; 5.423 ;
; data_in[18] ; data4[2]    ; 5.405 ; 5.405 ; 5.405 ; 5.405 ;
; data_in[18] ; data4[3]    ; 5.282 ; 5.282 ; 5.282 ; 5.282 ;
; data_in[18] ; data4[4]    ; 5.282 ; 5.282 ; 5.282 ; 5.282 ;
; data_in[18] ; data4[5]    ; 5.427 ; 5.427 ; 5.427 ; 5.427 ;
; data_in[18] ; data4[6]    ; 5.416 ; 5.416 ; 5.416 ; 5.416 ;
; data_in[19] ; data4[0]    ; 5.205 ; 5.205 ; 5.205 ; 5.205 ;
; data_in[19] ; data4[1]    ; 5.208 ; 5.208 ; 5.208 ; 5.208 ;
; data_in[19] ; data4[2]    ; 5.191 ; 5.191 ; 5.191 ; 5.191 ;
; data_in[19] ; data4[3]    ; 5.063 ; 5.063 ; 5.063 ; 5.063 ;
; data_in[19] ; data4[4]    ;       ; 5.063 ; 5.063 ;       ;
; data_in[19] ; data4[5]    ; 5.208 ; 5.208 ; 5.208 ; 5.208 ;
; data_in[19] ; data4[6]    ; 5.197 ; 5.197 ; 5.197 ; 5.197 ;
; data_in[20] ; data5[0]    ; 5.067 ; 5.067 ; 5.067 ; 5.067 ;
; data_in[20] ; data5[1]    ; 5.003 ; 5.003 ; 5.003 ; 5.003 ;
; data_in[20] ; data5[2]    ;       ; 4.995 ; 4.995 ;       ;
; data_in[20] ; data5[3]    ; 5.122 ; 5.122 ; 5.122 ; 5.122 ;
; data_in[20] ; data5[4]    ; 5.079 ;       ;       ; 5.079 ;
; data_in[20] ; data5[5]    ; 5.138 ;       ;       ; 5.138 ;
; data_in[20] ; data5[6]    ; 5.273 ; 5.273 ; 5.273 ; 5.273 ;
; data_in[21] ; data5[0]    ; 5.020 ; 5.020 ; 5.020 ; 5.020 ;
; data_in[21] ; data5[1]    ; 4.956 ; 4.956 ; 4.956 ; 4.956 ;
; data_in[21] ; data5[2]    ; 4.946 ;       ;       ; 4.946 ;
; data_in[21] ; data5[3]    ; 5.080 ; 5.080 ; 5.080 ; 5.080 ;
; data_in[21] ; data5[4]    ;       ; 5.038 ; 5.038 ;       ;
; data_in[21] ; data5[5]    ; 5.091 ; 5.091 ; 5.091 ; 5.091 ;
; data_in[21] ; data5[6]    ; 5.231 ; 5.231 ; 5.231 ; 5.231 ;
; data_in[22] ; data5[0]    ; 5.070 ; 5.070 ; 5.070 ; 5.070 ;
; data_in[22] ; data5[1]    ; 5.007 ;       ;       ; 5.007 ;
; data_in[22] ; data5[2]    ; 4.996 ; 4.996 ; 4.996 ; 4.996 ;
; data_in[22] ; data5[3]    ; 5.128 ; 5.128 ; 5.128 ; 5.128 ;
; data_in[22] ; data5[4]    ; 5.086 ; 5.086 ; 5.086 ; 5.086 ;
; data_in[22] ; data5[5]    ; 5.139 ; 5.139 ; 5.139 ; 5.139 ;
; data_in[22] ; data5[6]    ; 5.279 ; 5.279 ; 5.279 ; 5.279 ;
; data_in[23] ; data5[0]    ; 5.247 ; 5.247 ; 5.247 ; 5.247 ;
; data_in[23] ; data5[1]    ; 5.184 ; 5.184 ; 5.184 ; 5.184 ;
; data_in[23] ; data5[2]    ; 5.180 ; 5.180 ; 5.180 ; 5.180 ;
; data_in[23] ; data5[3]    ; 5.300 ; 5.300 ; 5.300 ; 5.300 ;
; data_in[23] ; data5[4]    ;       ; 5.257 ; 5.257 ;       ;
; data_in[23] ; data5[5]    ; 5.311 ; 5.311 ; 5.311 ; 5.311 ;
; data_in[23] ; data5[6]    ; 5.450 ; 5.450 ; 5.450 ; 5.450 ;
; data_in[24] ; data6[0]    ; 5.132 ; 5.132 ; 5.132 ; 5.132 ;
; data_in[24] ; data6[1]    ; 5.210 ; 5.210 ; 5.210 ; 5.210 ;
; data_in[24] ; data6[2]    ;       ; 5.163 ; 5.163 ;       ;
; data_in[24] ; data6[3]    ; 5.165 ; 5.165 ; 5.165 ; 5.165 ;
; data_in[24] ; data6[4]    ; 5.216 ;       ;       ; 5.216 ;
; data_in[24] ; data6[5]    ; 5.078 ;       ;       ; 5.078 ;
; data_in[24] ; data6[6]    ; 5.219 ; 5.219 ; 5.219 ; 5.219 ;
; data_in[25] ; data6[0]    ; 4.970 ; 4.970 ; 4.970 ; 4.970 ;
; data_in[25] ; data6[1]    ; 5.045 ; 5.045 ; 5.045 ; 5.045 ;
; data_in[25] ; data6[2]    ; 4.995 ;       ;       ; 4.995 ;
; data_in[25] ; data6[3]    ; 4.996 ; 4.996 ; 4.996 ; 4.996 ;
; data_in[25] ; data6[4]    ;       ; 5.044 ; 5.044 ;       ;
; data_in[25] ; data6[5]    ; 4.910 ; 4.910 ; 4.910 ; 4.910 ;
; data_in[25] ; data6[6]    ; 5.054 ; 5.054 ; 5.054 ; 5.054 ;
; data_in[26] ; data6[0]    ; 5.078 ; 5.078 ; 5.078 ; 5.078 ;
; data_in[26] ; data6[1]    ; 5.151 ;       ;       ; 5.151 ;
; data_in[26] ; data6[2]    ; 5.090 ; 5.090 ; 5.090 ; 5.090 ;
; data_in[26] ; data6[3]    ; 5.096 ; 5.096 ; 5.096 ; 5.096 ;
; data_in[26] ; data6[4]    ; 5.142 ; 5.142 ; 5.142 ; 5.142 ;
; data_in[26] ; data6[5]    ; 5.005 ; 5.005 ; 5.005 ; 5.005 ;
; data_in[26] ; data6[6]    ; 5.156 ; 5.156 ; 5.156 ; 5.156 ;
; data_in[27] ; data6[0]    ; 5.100 ; 5.100 ; 5.100 ; 5.100 ;
; data_in[27] ; data6[1]    ; 5.165 ; 5.165 ; 5.165 ; 5.165 ;
; data_in[27] ; data6[2]    ; 5.109 ; 5.109 ; 5.109 ; 5.109 ;
; data_in[27] ; data6[3]    ; 5.111 ; 5.111 ; 5.111 ; 5.111 ;
; data_in[27] ; data6[4]    ;       ; 5.161 ; 5.161 ;       ;
; data_in[27] ; data6[5]    ; 5.024 ; 5.024 ; 5.024 ; 5.024 ;
; data_in[27] ; data6[6]    ; 5.175 ; 5.175 ; 5.175 ; 5.175 ;
; data_in[28] ; data7[0]    ; 5.181 ; 5.181 ; 5.181 ; 5.181 ;
; data_in[28] ; data7[1]    ; 5.221 ; 5.221 ; 5.221 ; 5.221 ;
; data_in[28] ; data7[2]    ;       ; 5.224 ; 5.224 ;       ;
; data_in[28] ; data7[3]    ; 5.077 ; 5.077 ; 5.077 ; 5.077 ;
; data_in[28] ; data7[4]    ; 5.199 ;       ;       ; 5.199 ;
; data_in[28] ; data7[5]    ; 5.346 ;       ;       ; 5.346 ;
; data_in[28] ; data7[6]    ; 5.083 ; 5.083 ; 5.083 ; 5.083 ;
; data_in[29] ; data7[0]    ; 5.234 ; 5.234 ; 5.234 ; 5.234 ;
; data_in[29] ; data7[1]    ; 5.273 ; 5.273 ; 5.273 ; 5.273 ;
; data_in[29] ; data7[2]    ; 5.280 ;       ;       ; 5.280 ;
; data_in[29] ; data7[3]    ; 5.131 ; 5.131 ; 5.131 ; 5.131 ;
; data_in[29] ; data7[4]    ;       ; 5.251 ; 5.251 ;       ;
; data_in[29] ; data7[5]    ; 5.399 ; 5.399 ; 5.399 ; 5.399 ;
; data_in[29] ; data7[6]    ; 5.133 ; 5.133 ; 5.133 ; 5.133 ;
; data_in[30] ; data7[0]    ; 5.168 ; 5.168 ; 5.168 ; 5.168 ;
; data_in[30] ; data7[1]    ; 5.214 ;       ;       ; 5.214 ;
; data_in[30] ; data7[2]    ; 5.220 ; 5.220 ; 5.220 ; 5.220 ;
; data_in[30] ; data7[3]    ; 5.063 ; 5.063 ; 5.063 ; 5.063 ;
; data_in[30] ; data7[4]    ; 5.193 ; 5.193 ; 5.193 ; 5.193 ;
; data_in[30] ; data7[5]    ; 5.334 ; 5.334 ; 5.334 ; 5.334 ;
; data_in[30] ; data7[6]    ; 5.078 ; 5.078 ; 5.078 ; 5.078 ;
; data_in[31] ; data7[0]    ; 5.155 ; 5.155 ; 5.155 ; 5.155 ;
; data_in[31] ; data7[1]    ; 5.197 ; 5.197 ; 5.197 ; 5.197 ;
; data_in[31] ; data7[2]    ; 5.203 ; 5.203 ; 5.203 ; 5.203 ;
; data_in[31] ; data7[3]    ; 5.051 ; 5.051 ; 5.051 ; 5.051 ;
; data_in[31] ; data7[4]    ;       ; 5.172 ; 5.172 ;       ;
; data_in[31] ; data7[5]    ; 5.320 ; 5.320 ; 5.320 ; 5.320 ;
; data_in[31] ; data7[6]    ; 5.055 ; 5.055 ; 5.055 ; 5.055 ;
+-------------+-------------+-------+-------+-------+-------+


-------------------
; Clock Transfers ;
-------------------
Nothing to report.


---------------
; Report TCCS ;
---------------
No dedicated SERDES Transmitter circuitry present in device or used in design


---------------
; Report RSKM ;
---------------
No dedicated SERDES Receiver circuitry present in device or used in design


+------------------------------------------------+
; Unconstrained Paths                            ;
+---------------------------------+-------+------+
; Property                        ; Setup ; Hold ;
+---------------------------------+-------+------+
; Illegal Clocks                  ; 0     ; 0    ;
; Unconstrained Clocks            ; 0     ; 0    ;
; Unconstrained Input Ports       ; 32    ; 32   ;
; Unconstrained Input Port Paths  ; 224   ; 224  ;
; Unconstrained Output Ports      ; 56    ; 56   ;
; Unconstrained Output Port Paths ; 224   ; 224  ;
+---------------------------------+-------+------+


+------------------------------------+
; TimeQuest Timing Analyzer Messages ;
+------------------------------------+
Info: *******************************************************************
Info: Running Quartus II 64-Bit TimeQuest Timing Analyzer
    Info: Version 13.0.0 Build 156 04/24/2013 SJ Web Edition
    Info: Processing started: Tue Dec 11 17:54:54 2018
Info: Command: quartus_sta Multiciclo -c Multiciclo
Info: qsta_default_script.tcl version: #1
Warning (20028): Parallel compilation is not licensed and has been disabled
Info (21077): Low junction temperature is 0 degrees C
Info (21077): High junction temperature is 85 degrees C
Critical Warning (332012): Synopsys Design Constraints File file not found: 'Multiciclo.sdc'. A Synopsys Design Constraints File is required by the TimeQuest Timing Analyzer to get proper timing constraints. Without it, the Compiler will not properly optimize the design.
Info (332142): No user constrained base clocks found in the design. Calling "derive_clocks -period 1.0"
Info (332096): The command derive_clocks did not find any clocks to derive.  No clocks were created or changed.
Warning (332068): No clocks defined in design.
Info: Found TIMEQUEST_REPORT_SCRIPT_INCLUDE_DEFAULT_ANALYSIS = ON
Info (332159): No clocks to report
Info: Analyzing Slow Model
Info (332140): No fmax paths to report
Info (332140): No Setup paths to report
Info (332140): No Hold paths to report
Info (332140): No Recovery paths to report
Info (332140): No Removal paths to report
Info (332140): No Minimum Pulse Width paths to report
Info (332001): The selected device family is not supported by the report_metastability command.
Info: Analyzing Fast Model
Info (332142): No user constrained base clocks found in the design. Calling "derive_clocks -period 1.0"
Info (332096): The command derive_clocks did not find any clocks to derive.  No clocks were created or changed.
Warning (332068): No clocks defined in design.
Info (332140): No Setup paths to report
Info (332140): No Hold paths to report
Info (332140): No Recovery paths to report
Info (332140): No Removal paths to report
Info (332140): No Minimum Pulse Width paths to report
Info (332001): The selected device family is not supported by the report_metastability command.
Info (332102): Design is not fully constrained for setup requirements
Info (332102): Design is not fully constrained for hold requirements
Info: Quartus II 64-Bit TimeQuest Timing Analyzer was successful. 0 errors, 4 warnings
    Info: Peak virtual memory: 4570 megabytes
    Info: Processing ended: Tue Dec 11 17:54:57 2018
    Info: Elapsed time: 00:00:03
    Info: Total CPU time (on all processors): 00:00:01


