Flow report for Multiclico
Mon Dec 10 20:44:30 2018
Quartus II 64-Bit Version 13.0.0 Build 156 04/24/2013 SJ Web Edition


---------------------
; Table of Contents ;
---------------------
  1. Legal Notice
  2. Flow Summary
  3. Flow Settings
  4. Flow Non-Default Global Settings
  5. Flow Elapsed Time
  6. Flow OS Summary
  7. Flow Log
  8. Flow Messages
  9. Flow Suppressed Messages



----------------
; Legal Notice ;
----------------
Copyright (C) 1991-2013 Altera Corporation
Your use of Altera Corporation's design tools, logic functions 
and other software and tools, and its AMPP partner logic 
functions, and any output files from any of the foregoing 
(including device programming or simulation files), and any 
associated documentation or information are expressly subject 
to the terms and conditions of the Altera Program License 
Subscription Agreement, Altera MegaCore Function License 
Agreement, or other applicable license agreement, including, 
without limitation, that your use is for the sole purpose of 
programming logic devices manufactured by Altera and sold by 
Altera or its authorized distributors.  Please refer to the 
applicable agreement for further details.



+---------------------------------------------------------------------------------+
; Flow Summary                                                                    ;
+------------------------------------+--------------------------------------------+
; Flow Status                        ; Successful - Mon Dec 10 20:44:30 2018      ;
; Quartus II 64-Bit Version          ; 13.0.0 Build 156 04/24/2013 SJ Web Edition ;
; Revision Name                      ; Multiclico                                 ;
; Top-level Entity Name              ; mips_multi                                 ;
; Family                             ; Cyclone II                                 ;
; Device                             ; EP2C35F672C6                               ;
; Timing Models                      ; Final                                      ;
; Total logic elements               ; 1,192 / 33,216 ( 4 % )                     ;
;     Total combinational functions  ; 1,165 / 33,216 ( 4 % )                     ;
;     Dedicated logic registers      ; 242 / 33,216 ( < 1 % )                     ;
; Total registers                    ; 242                                        ;
; Total pins                         ; 37 / 475 ( 8 % )                           ;
; Total virtual pins                 ; 0                                          ;
; Total memory bits                  ; 10,240 / 483,840 ( 2 % )                   ;
; Embedded Multiplier 9-bit elements ; 0 / 70 ( 0 % )                             ;
; Total PLLs                         ; 0 / 4 ( 0 % )                              ;
+------------------------------------+--------------------------------------------+


+-----------------------------------------+
; Flow Settings                           ;
+-------------------+---------------------+
; Option            ; Setting             ;
+-------------------+---------------------+
; Start date & time ; 12/10/2018 20:43:46 ;
; Main task         ; Compilation         ;
; Revision Name     ; Multiclico          ;
+-------------------+---------------------+


+---------------------------------------------------------------------------------------------------------------------------------+
; Flow Non-Default Global Settings                                                                                                ;
+--------------------------------------+---------------------------------------+---------------+-------------+--------------------+
; Assignment Name                      ; Value                                 ; Default Value ; Entity Name ; Section Id         ;
+--------------------------------------+---------------------------------------+---------------+-------------+--------------------+
; COMPILER_SIGNATURE_ID                ; 110073158625057.154448182618080       ; --            ; --          ; --                 ;
; EDA_DESIGN_INSTANCE_NAME             ; NA                                    ; --            ; --          ; mips_multi_vhd_tst ;
; EDA_NATIVELINK_SIMULATION_TEST_BENCH ; mips_multi_vhd_tst                    ; --            ; --          ; eda_simulation     ;
; EDA_OUTPUT_DATA_FORMAT               ; Vhdl                                  ; --            ; --          ; eda_simulation     ;
; EDA_SIMULATION_TOOL                  ; ModelSim-Altera (VHDL)                ; <None>        ; --          ; --                 ;
; EDA_TEST_BENCH_ENABLE_STATUS         ; TEST_BENCH_MODE                       ; --            ; --          ; eda_simulation     ;
; EDA_TEST_BENCH_FILE                  ; simulation/modelsim/mips_multi.vht    ; --            ; --          ; mips_multi_vhd_tst ;
; EDA_TEST_BENCH_MODULE_NAME           ; mips_multi_vhd_tst                    ; --            ; --          ; mips_multi_vhd_tst ;
; EDA_TEST_BENCH_NAME                  ; mips_multi_vhd_tst                    ; --            ; --          ; eda_simulation     ;
; EDA_TEST_BENCH_RUN_SIM_FOR           ; 800 ns                                ; --            ; --          ; mips_multi_vhd_tst ;
; IP_TOOL_NAME                         ; RAM: 1-PORT                           ; --            ; --          ; --                 ;
; IP_TOOL_VERSION                      ; 13.0                                  ; --            ; --          ; --                 ;
; MAX_CORE_JUNCTION_TEMP               ; 85                                    ; --            ; --          ; --                 ;
; MIN_CORE_JUNCTION_TEMP               ; 0                                     ; --            ; --          ; --                 ;
; MISC_FILE                            ; mips_multi/mem_mips.cmp               ; --            ; --          ; --                 ;
; PARTITION_COLOR                      ; 16764057                              ; --            ; mips_multi  ; Top                ;
; PARTITION_FITTER_PRESERVATION_LEVEL  ; PLACEMENT_AND_ROUTING                 ; --            ; mips_multi  ; Top                ;
; PARTITION_NETLIST_TYPE               ; SOURCE                                ; --            ; mips_multi  ; Top                ;
; POWER_BOARD_THERMAL_MODEL            ; None (CONSERVATIVE)                   ; --            ; --          ; --                 ;
; POWER_PRESET_COOLING_SOLUTION        ; 23 MM HEAT SINK WITH 200 LFPM AIRFLOW ; --            ; --          ; --                 ;
; TOP_LEVEL_ENTITY                     ; mips_multi                            ; Multiclico    ; --          ; --                 ;
+--------------------------------------+---------------------------------------+---------------+-------------+--------------------+


+-------------------------------------------------------------------------------------------------------------------------------+
; Flow Elapsed Time                                                                                                             ;
+---------------------------+--------------+-------------------------+---------------------+------------------------------------+
; Module Name               ; Elapsed Time ; Average Processors Used ; Peak Virtual Memory ; Total CPU Time (on all processors) ;
+---------------------------+--------------+-------------------------+---------------------+------------------------------------+
; Analysis & Synthesis      ; 00:00:12     ; 1.0                     ; 4673 MB             ; 00:00:11                           ;
; Fitter                    ; 00:00:18     ; 1.0                     ; 4942 MB             ; 00:00:18                           ;
; Assembler                 ; 00:00:02     ; 1.0                     ; 4579 MB             ; 00:00:02                           ;
; TimeQuest Timing Analyzer ; 00:00:03     ; 1.0                     ; 4588 MB             ; 00:00:01                           ;
; EDA Netlist Writer        ; 00:00:02     ; 1.0                     ; 4557 MB             ; 00:00:01                           ;
; Total                     ; 00:00:37     ; --                      ; --                  ; 00:00:33                           ;
+---------------------------+--------------+-------------------------+---------------------+------------------------------------+


+----------------------------------------------------------------------------------------+
; Flow OS Summary                                                                        ;
+---------------------------+------------------+-----------+------------+----------------+
; Module Name               ; Machine Hostname ; OS Name   ; OS Version ; Processor type ;
+---------------------------+------------------+-----------+------------+----------------+
; Analysis & Synthesis      ; LAPTOP-EKV1KU2I  ; Windows 7 ; 6.2        ; x86_64         ;
; Fitter                    ; LAPTOP-EKV1KU2I  ; Windows 7 ; 6.2        ; x86_64         ;
; Assembler                 ; LAPTOP-EKV1KU2I  ; Windows 7 ; 6.2        ; x86_64         ;
; TimeQuest Timing Analyzer ; LAPTOP-EKV1KU2I  ; Windows 7 ; 6.2        ; x86_64         ;
; EDA Netlist Writer        ; LAPTOP-EKV1KU2I  ; Windows 7 ; 6.2        ; x86_64         ;
+---------------------------+------------------+-----------+------------+----------------+


------------
; Flow Log ;
------------
quartus_map --read_settings_files=on --write_settings_files=off Multiciclo -c Multiclico
quartus_fit --read_settings_files=off --write_settings_files=off Multiciclo -c Multiclico
quartus_asm --read_settings_files=off --write_settings_files=off Multiciclo -c Multiclico
quartus_sta Multiciclo -c Multiclico
quartus_eda --read_settings_files=off --write_settings_files=off Multiciclo -c Multiclico



