Analysis & Synthesis report for Multiclico
Thu Dec 06 17:45:36 2018
Quartus II 64-Bit Version 13.0.0 Build 156 04/24/2013 SJ Web Edition


---------------------
; Table of Contents ;
---------------------
  1. Legal Notice
  2. Analysis & Synthesis Summary
  3. Analysis & Synthesis Settings
  4. Parallel Compilation
  5. Analysis & Synthesis Messages



----------------
; Legal Notice ;
----------------
Copyright (C) 1991-2013 Altera Corporation
Your use of Altera Corporation's design tools, logic functions 
and other software and tools, and its AMPP partner logic 
functions, and any output files from any of the foregoing 
(including device programming or simulation files), and any 
associated documentation or information are expressly subject 
to the terms and conditions of the Altera Program License 
Subscription Agreement, Altera MegaCore Function License 
Agreement, or other applicable license agreement, including, 
without limitation, that your use is for the sole purpose of 
programming logic devices manufactured by Altera and sold by 
Altera or its authorized distributors.  Please refer to the 
applicable agreement for further details.



+---------------------------------------------------------------------------------+
; Analysis & Synthesis Summary                                                    ;
+------------------------------------+--------------------------------------------+
; Analysis & Synthesis Status        ; Failed - Thu Dec 06 17:45:36 2018          ;
; Quartus II 64-Bit Version          ; 13.0.0 Build 156 04/24/2013 SJ Web Edition ;
; Revision Name                      ; Multiclico                                 ;
; Top-level Entity Name              ; mips_control                               ;
; Family                             ; Cyclone IV GX                              ;
; Total logic elements               ; N/A until Partition Merge                  ;
;     Total combinational functions  ; N/A until Partition Merge                  ;
;     Dedicated logic registers      ; N/A until Partition Merge                  ;
; Total registers                    ; N/A until Partition Merge                  ;
; Total pins                         ; N/A until Partition Merge                  ;
; Total virtual pins                 ; N/A until Partition Merge                  ;
; Total memory bits                  ; N/A until Partition Merge                  ;
; Embedded Multiplier 9-bit elements ; N/A until Partition Merge                  ;
; Total GXB Receiver Channel PCS     ; N/A until Partition Merge                  ;
; Total GXB Receiver Channel PMA     ; N/A until Partition Merge                  ;
; Total GXB Transmitter Channel PCS  ; N/A until Partition Merge                  ;
; Total GXB Transmitter Channel PMA  ; N/A until Partition Merge                  ;
; Total PLLs                         ; N/A until Partition Merge                  ;
+------------------------------------+--------------------------------------------+


+----------------------------------------------------------------------------------------------------------------------+
; Analysis & Synthesis Settings                                                                                        ;
+----------------------------------------------------------------------------+--------------------+--------------------+
; Option                                                                     ; Setting            ; Default Value      ;
+----------------------------------------------------------------------------+--------------------+--------------------+
; Top-level entity name                                                      ; mips_control       ; Multiclico         ;
; Family name                                                                ; Cyclone IV GX      ; Cyclone IV GX      ;
; Use smart compilation                                                      ; Off                ; Off                ;
; Enable parallel Assembler and TimeQuest Timing Analyzer during compilation ; On                 ; On                 ;
; Enable compact report table                                                ; Off                ; Off                ;
; Restructure Multiplexers                                                   ; Auto               ; Auto               ;
; Create Debugging Nodes for IP Cores                                        ; Off                ; Off                ;
; Preserve fewer node names                                                  ; On                 ; On                 ;
; Disable OpenCore Plus hardware evaluation                                  ; Off                ; Off                ;
; Verilog Version                                                            ; Verilog_2001       ; Verilog_2001       ;
; VHDL Version                                                               ; VHDL_1993          ; VHDL_1993          ;
; State Machine Processing                                                   ; Auto               ; Auto               ;
; Safe State Machine                                                         ; Off                ; Off                ;
; Extract Verilog State Machines                                             ; On                 ; On                 ;
; Extract VHDL State Machines                                                ; On                 ; On                 ;
; Ignore Verilog initial constructs                                          ; Off                ; Off                ;
; Iteration limit for constant Verilog loops                                 ; 5000               ; 5000               ;
; Iteration limit for non-constant Verilog loops                             ; 250                ; 250                ;
; Add Pass-Through Logic to Inferred RAMs                                    ; On                 ; On                 ;
; Infer RAMs from Raw Logic                                                  ; On                 ; On                 ;
; Parallel Synthesis                                                         ; On                 ; On                 ;
; DSP Block Balancing                                                        ; Auto               ; Auto               ;
; NOT Gate Push-Back                                                         ; On                 ; On                 ;
; Power-Up Don't Care                                                        ; On                 ; On                 ;
; Remove Redundant Logic Cells                                               ; Off                ; Off                ;
; Remove Duplicate Registers                                                 ; On                 ; On                 ;
; Ignore CARRY Buffers                                                       ; Off                ; Off                ;
; Ignore CASCADE Buffers                                                     ; Off                ; Off                ;
; Ignore GLOBAL Buffers                                                      ; Off                ; Off                ;
; Ignore ROW GLOBAL Buffers                                                  ; Off                ; Off                ;
; Ignore LCELL Buffers                                                       ; Off                ; Off                ;
; Ignore SOFT Buffers                                                        ; On                 ; On                 ;
; Limit AHDL Integers to 32 Bits                                             ; Off                ; Off                ;
; Optimization Technique                                                     ; Balanced           ; Balanced           ;
; Carry Chain Length                                                         ; 70                 ; 70                 ;
; Auto Carry Chains                                                          ; On                 ; On                 ;
; Auto Open-Drain Pins                                                       ; On                 ; On                 ;
; Perform WYSIWYG Primitive Resynthesis                                      ; Off                ; Off                ;
; Auto ROM Replacement                                                       ; On                 ; On                 ;
; Auto RAM Replacement                                                       ; On                 ; On                 ;
; Auto DSP Block Replacement                                                 ; On                 ; On                 ;
; Auto Shift Register Replacement                                            ; Auto               ; Auto               ;
; Allow Shift Register Merging across Hierarchies                            ; Auto               ; Auto               ;
; Auto Clock Enable Replacement                                              ; On                 ; On                 ;
; Strict RAM Replacement                                                     ; Off                ; Off                ;
; Allow Synchronous Control Signals                                          ; On                 ; On                 ;
; Force Use of Synchronous Clear Signals                                     ; Off                ; Off                ;
; Auto RAM Block Balancing                                                   ; On                 ; On                 ;
; Auto RAM to Logic Cell Conversion                                          ; Off                ; Off                ;
; Auto Resource Sharing                                                      ; Off                ; Off                ;
; Allow Any RAM Size For Recognition                                         ; Off                ; Off                ;
; Allow Any ROM Size For Recognition                                         ; Off                ; Off                ;
; Allow Any Shift Register Size For Recognition                              ; Off                ; Off                ;
; Use LogicLock Constraints during Resource Balancing                        ; On                 ; On                 ;
; Ignore translate_off and synthesis_off directives                          ; Off                ; Off                ;
; Timing-Driven Synthesis                                                    ; On                 ; On                 ;
; Report Parameter Settings                                                  ; On                 ; On                 ;
; Report Source Assignments                                                  ; On                 ; On                 ;
; Report Connectivity Checks                                                 ; On                 ; On                 ;
; Ignore Maximum Fan-Out Assignments                                         ; Off                ; Off                ;
; Synchronization Register Chain Length                                      ; 2                  ; 2                  ;
; PowerPlay Power Optimization                                               ; Normal compilation ; Normal compilation ;
; HDL message level                                                          ; Level2             ; Level2             ;
; Suppress Register Optimization Related Messages                            ; Off                ; Off                ;
; Number of Removed Registers Reported in Synthesis Report                   ; 5000               ; 5000               ;
; Number of Swept Nodes Reported in Synthesis Report                         ; 5000               ; 5000               ;
; Number of Inverted Registers Reported in Synthesis Report                  ; 100                ; 100                ;
; Clock MUX Protection                                                       ; On                 ; On                 ;
; Auto Gated Clock Conversion                                                ; Off                ; Off                ;
; Block Design Naming                                                        ; Auto               ; Auto               ;
; SDC constraint protection                                                  ; Off                ; Off                ;
; Synthesis Effort                                                           ; Auto               ; Auto               ;
; Shift Register Replacement - Allow Asynchronous Clear Signal               ; On                 ; On                 ;
; Pre-Mapping Resynthesis Optimization                                       ; Off                ; Off                ;
; Analysis & Synthesis Message Level                                         ; Medium             ; Medium             ;
; Disable Register Merging Across Hierarchies                                ; Auto               ; Auto               ;
; Resource Aware Inference For Block RAM                                     ; On                 ; On                 ;
; Synthesis Seed                                                             ; 1                  ; 1                  ;
+----------------------------------------------------------------------------+--------------------+--------------------+


Parallel compilation was disabled, but you have multiple processors available. Enable parallel compilation to reduce compilation time.
+-------------------------------------+
; Parallel Compilation                ;
+----------------------------+--------+
; Processors                 ; Number ;
+----------------------------+--------+
; Number detected on machine ; 4      ;
; Maximum allowed            ; 1      ;
+----------------------------+--------+


+-------------------------------+
; Analysis & Synthesis Messages ;
+-------------------------------+
Info: *******************************************************************
Info: Running Quartus II 64-Bit Analysis & Synthesis
    Info: Version 13.0.0 Build 156 04/24/2013 SJ Web Edition
    Info: Processing started: Thu Dec 06 17:45:35 2018
Info: Command: quartus_map --read_settings_files=on --write_settings_files=off Multiciclo -c Multiclico
Warning (20028): Parallel compilation is not licensed and has been disabled
Info (12021): Found 2 design units, including 1 entities, in source file mips_multi/ulamips.vhd
    Info (12022): Found design unit 1: ulamips-behavioral
    Info (12023): Found entity 1: ulamips
Info (12021): Found 2 design units, including 1 entities, in source file mips_multi/regbuf.vhd
    Info (12022): Found design unit 1: regbuf-rtl
    Info (12023): Found entity 1: regbuf
Info (12021): Found 2 design units, including 1 entities, in source file mips_multi/reg32.vhd
    Info (12022): Found design unit 1: reg32-rtl
    Info (12023): Found entity 1: reg32
Info (12021): Found 2 design units, including 1 entities, in source file mips_multi/reg.vhd
    Info (12022): Found design unit 1: reg-rtl
    Info (12023): Found entity 1: reg
Info (12021): Found 2 design units, including 1 entities, in source file mips_multi/mux_4.vhd
    Info (12022): Found design unit 1: mux_4-rtl
    Info (12023): Found entity 1: mux_4
Info (12021): Found 2 design units, including 1 entities, in source file mips_multi/mux_3.vhd
    Info (12022): Found design unit 1: mux_3-rtl
    Info (12023): Found entity 1: mux_3
Info (12021): Found 2 design units, including 1 entities, in source file mips_multi/mux_2.vhd
    Info (12022): Found design unit 1: mux_2-rtl
    Info (12023): Found entity 1: mux_2
Info (12021): Found 2 design units, including 1 entities, in source file mips_multi/mips_tb.vhd
    Info (12022): Found design unit 1: mips_tb-tb
    Info (12023): Found entity 1: mips_tb
Info (12021): Found 2 design units, including 0 entities, in source file mips_multi/mips_pkg.vhd
    Info (12022): Found design unit 1: mips_pkg
    Info (12022): Found design unit 2: mips_pkg-body
Info (12021): Found 2 design units, including 1 entities, in source file mips_multi/mips_multi_tb.vhd
    Info (12022): Found design unit 1: mips_multi_tb-mips_multi_arch
    Info (12023): Found entity 1: mips_multi_tb
Info (12021): Found 2 design units, including 1 entities, in source file mips_multi/mips_multi.vhd
    Info (12022): Found design unit 1: mips_multi-rtl
    Info (12023): Found entity 1: mips_multi
Info (12021): Found 2 design units, including 1 entities, in source file mips_multi/mips_mem.vhd
    Info (12022): Found design unit 1: mips_mem-rtl
    Info (12023): Found entity 1: mips_mem
Info (12021): Found 2 design units, including 1 entities, in source file mips_multi/mips_control.vhd
    Info (12022): Found design unit 1: mips_control-control_op
    Info (12023): Found entity 1: mips_control
Info (12021): Found 2 design units, including 1 entities, in source file mips_multi/mem_addr.vhd
    Info (12022): Found design unit 1: mem_addr-rtl
    Info (12023): Found entity 1: mem_addr
Info (12021): Found 2 design units, including 1 entities, in source file mips_multi/inst_mem.vhd
    Info (12022): Found design unit 1: inst_mem-rtl
    Info (12023): Found entity 1: inst_mem
Info (12021): Found 2 design units, including 1 entities, in source file mips_multi/extsgn.vhd
    Info (12022): Found design unit 1: extsgn-wires
    Info (12023): Found entity 1: extsgn
Info (12021): Found 2 design units, including 1 entities, in source file mips_multi/clk_div.vhd
    Info (12022): Found design unit 1: clk_div-rtl
    Info (12023): Found entity 1: clk_div
Info (12021): Found 2 design units, including 1 entities, in source file mips_multi/breg.vhd
    Info (12022): Found design unit 1: breg-rtl
    Info (12023): Found entity 1: breg
Info (12021): Found 2 design units, including 1 entities, in source file mips_multi/alu_ctr.vhd
    Info (12022): Found design unit 1: alu_ctr-behav
    Info (12023): Found entity 1: alu_ctr
Info (12021): Found 2 design units, including 1 entities, in source file mips_multi/adder.vhd
    Info (12022): Found design unit 1: adder-rtl
    Info (12023): Found entity 1: adder
Error (10481): VHDL Use Clause error at inst_mem.vhd(7): design library "work" does not contain primary unit "mips_uni_pkg" File: C:/Users/Gabriel Arimatéa/Documents/GitHub/OAC/2018_2/TrabalhoFinal/mips_multi/inst_mem.vhd Line: 7
Error (10800): VHDL error at inst_mem.vhd(7): selected name in use clause is not an expanded name File: C:/Users/Gabriel Arimatéa/Documents/GitHub/OAC/2018_2/TrabalhoFinal/mips_multi/inst_mem.vhd Line: 7
Error: Quartus II 64-Bit Analysis & Synthesis was unsuccessful. 2 errors, 1 warning
    Error: Peak virtual memory: 4697 megabytes
    Error: Processing ended: Thu Dec 06 17:45:36 2018
    Error: Elapsed time: 00:00:01
    Error: Total CPU time (on all processors): 00:00:01


